[    0.000000] Linux version 4.15.0-204-generic (buildd@lcy02-amd64-030) (gcc version 7.5.0 (Ubuntu 7.5.0-3ubuntu1~18.04)) #215-Ubuntu SMP Fri Jan 20 18:24:59 UTC 2023 (Ubuntu 4.15.0-204.215-generic 4.15.18)
[    0.000000] Command line: BOOT_IMAGE=/boot/vmlinuz-4.15.0-204-generic root=LABEL=cloudimg-rootfs ro console=tty1 console=ttyS0
[    0.000000] KERNEL supported cpus:
[    0.000000]   Intel GenuineIntel
[    0.000000]   AMD AuthenticAMD
[    0.000000]   Centaur CentaurHauls
[    0.000000] [Firmware Bug]: TSC doesn't count with P0 frequency!
[    0.000000] x86/fpu: Supporting XSAVE feature 0x001: 'x87 floating point registers'
[    0.000000] x86/fpu: Supporting XSAVE feature 0x002: 'SSE registers'
[    0.000000] x86/fpu: Supporting XSAVE feature 0x004: 'AVX registers'
[    0.000000] x86/fpu: xstate_offset[2]:  576, xstate_sizes[2]:  256
[    0.000000] x86/fpu: Enabled xstate features 0x7, context size is 832 bytes, using 'standard' format.
[    0.000000] e820: BIOS-provided physical RAM map:
[    0.000000] BIOS-e820: [mem 0x0000000000000000-0x000000000009fbff] usable
[    0.000000] BIOS-e820: [mem 0x000000000009fc00-0x000000000009ffff] reserved
[    0.000000] BIOS-e820: [mem 0x00000000000f0000-0x00000000000fffff] reserved
[    0.000000] BIOS-e820: [mem 0x0000000000100000-0x000000003ffeffff] usable
[    0.000000] BIOS-e820: [mem 0x000000003fff0000-0x000000003fffffff] ACPI data
[    0.000000] BIOS-e820: [mem 0x00000000fec00000-0x00000000fec00fff] reserved
[    0.000000] BIOS-e820: [mem 0x00000000fee00000-0x00000000fee00fff] reserved
[    0.000000] BIOS-e820: [mem 0x00000000fffc0000-0x00000000ffffffff] reserved
[    0.000000] NX (Execute Disable) protection: active
[    0.000000] SMBIOS 2.5 present.
[    0.000000] DMI: innotek GmbH VirtualBox/VirtualBox, BIOS VirtualBox 12/01/2006
[    0.000000] Hypervisor detected: KVM
[    0.000000] e820: last_pfn = 0x3fff0 max_arch_pfn = 0x400000000
[    0.000000] MTRR: Disabled
[    0.000000] x86/PAT: MTRRs disabled, skipping PAT initialization too.
[    0.000000] CPU MTRRs all blank - virtualized system.
[    0.000000] x86/PAT: Configuration [0-7]: WB  WT  UC- UC  WB  WT  UC- UC  
[    0.000000] found SMP MP-table at [mem 0x0009fff0-0x0009ffff]
[    0.000000] Scanning 1 areas for low memory corruption
[    0.000000] RAMDISK: [mem 0x359c9000-0x36cdbfff]
[    0.000000] ACPI: Early table checksum verification disabled
[    0.000000] ACPI: RSDP 0x00000000000E0000 000024 (v02 VBOX  )
[    0.000000] ACPI: XSDT 0x000000003FFF0030 00003C (v01 VBOX   VBOXXSDT 00000001 ASL  00000061)
[    0.000000] ACPI: FACP 0x000000003FFF00F0 0000F4 (v04 VBOX   VBOXFACP 00000001 ASL  00000061)
[    0.000000] ACPI: DSDT 0x000000003FFF0470 002325 (v02 VBOX   VBOXBIOS 00000002 INTL 20100528)
[    0.000000] ACPI: FACS 0x000000003FFF0200 000040
[    0.000000] ACPI: FACS 0x000000003FFF0200 000040
[    0.000000] ACPI: APIC 0x000000003FFF0240 00005C (v02 VBOX   VBOXAPIC 00000001 ASL  00000061)
[    0.000000] ACPI: SSDT 0x000000003FFF02A0 0001CC (v01 VBOX   VBOXCPUT 00000002 INTL 20100528)
[    0.000000] ACPI: Reserving FACP table memory at [mem 0x3fff00f0-0x3fff01e3]
[    0.000000] ACPI: Reserving DSDT table memory at [mem 0x3fff0470-0x3fff2794]
[    0.000000] ACPI: Reserving FACS table memory at [mem 0x3fff0200-0x3fff023f]
[    0.000000] ACPI: Reserving FACS table memory at [mem 0x3fff0200-0x3fff023f]
[    0.000000] ACPI: Reserving APIC table memory at [mem 0x3fff0240-0x3fff029b]
[    0.000000] ACPI: Reserving SSDT table memory at [mem 0x3fff02a0-0x3fff046b]
[    0.000000] No NUMA configuration found
[    0.000000] Faking a node at [mem 0x0000000000000000-0x000000003ffeffff]
[    0.000000] NODE_DATA(0) allocated [mem 0x3ffc5000-0x3ffeffff]
[    0.000000] kvm-clock: cpu 0, msr 0:3ff44001, primary cpu clock
[    0.000000] kvm-clock: Using msrs 4b564d01 and 4b564d00
[    0.000000] kvm-clock: using sched offset of 4205289139 cycles
[    0.000000] clocksource: kvm-clock: mask: 0xffffffffffffffff max_cycles: 0x1cd42e4dffb, max_idle_ns: 881590591483 ns
[    0.000000] Zone ranges:
[    0.000000]   DMA      [mem 0x0000000000001000-0x0000000000ffffff]
[    0.000000]   DMA32    [mem 0x0000000001000000-0x000000003ffeffff]
[    0.000000]   Normal   empty
[    0.000000]   Device   empty
[    0.000000] Movable zone start for each node
[    0.000000] Early memory node ranges
[    0.000000]   node   0: [mem 0x0000000000001000-0x000000000009efff]
[    0.000000]   node   0: [mem 0x0000000000100000-0x000000003ffeffff]
[    0.000000] Reserved but unavailable: 104 pages
[    0.000000] Initmem setup node 0 [mem 0x0000000000001000-0x000000003ffeffff]
[    0.000000] ACPI: PM-Timer IO Port: 0x4008
[    0.000000] IOAPIC[0]: apic_id 2, version 32, address 0xfec00000, GSI 0-23
[    0.000000] ACPI: INT_SRC_OVR (bus 0 bus_irq 0 global_irq 2 dfl dfl)
[    0.000000] ACPI: INT_SRC_OVR (bus 0 bus_irq 9 global_irq 9 low level)
[    0.000000] Using ACPI (MADT) for SMP configuration information
[    0.000000] smpboot: Allowing 2 CPUs, 0 hotplug CPUs
[    0.000000] PM: Registered nosave memory: [mem 0x00000000-0x00000fff]
[    0.000000] PM: Registered nosave memory: [mem 0x0009f000-0x0009ffff]
[    0.000000] PM: Registered nosave memory: [mem 0x000a0000-0x000effff]
[    0.000000] PM: Registered nosave memory: [mem 0x000f0000-0x000fffff]
[    0.000000] e820: [mem 0x40000000-0xfebfffff] available for PCI devices
[    0.000000] Booting paravirtualized kernel on KVM
[    0.000000] clocksource: refined-jiffies: mask: 0xffffffff max_cycles: 0xffffffff, max_idle_ns: 7645519600211568 ns
[    0.000000] setup_percpu: NR_CPUS:8192 nr_cpumask_bits:2 nr_cpu_ids:2 nr_node_ids:1
[    0.000000] percpu: Embedded 50 pages/cpu s167936 r8192 d28672 u1048576
[    0.000000] PV qspinlock hash table entries: 256 (order: 0, 4096 bytes)
[    0.000000] Built 1 zonelists, mobility grouping on.  Total pages: 257913
[    0.000000] Policy zone: DMA32
[    0.000000] Kernel command line: BOOT_IMAGE=/boot/vmlinuz-4.15.0-204-generic root=LABEL=cloudimg-rootfs ro console=tty1 console=ttyS0
[    0.000000] Memory: 982640K/1048120K available (12300K kernel code, 2477K rwdata, 4324K rodata, 2480K init, 2720K bss, 65480K reserved, 0K cma-reserved)
[    0.000000] SLUB: HWalign=64, Order=0-3, MinObjects=0, CPUs=2, Nodes=1
[    0.000000] ftrace: allocating 39488 entries in 155 pages
[    0.004000] Hierarchical RCU implementation.
[    0.004000] 	RCU restricting CPUs from NR_CPUS=8192 to nr_cpu_ids=2.
[    0.004000] 	Tasks RCU enabled.
[    0.004000] RCU: Adjusting geometry for rcu_fanout_leaf=16, nr_cpu_ids=2
[    0.004000] NR_IRQS: 524544, nr_irqs: 440, preallocated irqs: 16
[    0.004000] random: crng init done
[    0.004000] Console: colour VGA+ 80x25
[    0.004000] console [tty1] enabled
[    0.004000] console [ttyS0] enabled
[    0.004000] ACPI: Core revision 20170831
[    0.004000] ACPI: 2 ACPI AML tables successfully acquired and loaded
[    0.004000] APIC: Switch to symmetric I/O mode setup
[    0.004000] x2apic enabled
[    0.004000] Switched APIC routing to physical x2apic.
[    0.004000] ..TIMER: vector=0x30 apic1=0 pin1=2 apic2=-1 pin2=-1
[    0.004000] tsc: Detected 2096.062 MHz processor
[    0.004000] Calibrating delay loop (skipped) preset value.. 4192.12 BogoMIPS (lpj=8384248)
[    0.004000] pid_max: default: 32768 minimum: 301
[    0.004000] Security Framework initialized
[    0.004000] Yama: becoming mindful.
[    0.004000] AppArmor: AppArmor initialized
[    0.004000] Dentry cache hash table entries: 131072 (order: 8, 1048576 bytes)
[    0.004000] Inode-cache hash table entries: 65536 (order: 7, 524288 bytes)
[    0.004000] Mount-cache hash table entries: 2048 (order: 2, 16384 bytes)
[    0.004000] Mountpoint-cache hash table entries: 2048 (order: 2, 16384 bytes)
[    0.004000] Last level iTLB entries: 4KB 1024, 2MB 1024, 4MB 512
[    0.004000] Last level dTLB entries: 4KB 1536, 2MB 1536, 4MB 768, 1GB 0
[    0.004000] Spectre V1 : Mitigation: usercopy/swapgs barriers and __user pointer sanitization
[    0.004000] Spectre V2 : Mitigation: Retpolines
[    0.004000] Spectre V2 : Spectre v2 / SpectreRSB mitigation: Filling RSB on context switch
[    0.004000] Spectre V2 : Spectre v2 / SpectreRSB : Filling RSB on VMEXIT
[    0.004000] RETBleed: Vulnerable
[    0.004000] Freeing SMP alternatives memory: 36K
[    0.133638] APIC calibration not consistent with PM-Timer: 109ms instead of 100ms
[    0.134817] APIC delta adjusted to PM-Timer: 6427873 (7060580)
[    0.135998] smpboot: CPU0: AMD Ryzen 5 3500U with Radeon Vega Mobile Gfx (family: 0x17, model: 0x18, stepping: 0x1)
[    0.136000] Performance Events: PMU not available due to virtualization, using software events only.
[    0.136000] Hierarchical SRCU implementation.
[    0.136000] NMI watchdog: Perf event create on CPU 0 failed with -2
[    0.136000] NMI watchdog: Perf NMI watchdog permanently disabled
[    0.136000] smp: Bringing up secondary CPUs ...
[    0.136000] x86: Booting SMP configuration:
[    0.136000] .... node  #0, CPUs:      #1
[    0.004000] kvm-clock: cpu 1, msr 0:3ff44041, secondary cpu clock
[    0.140032] smp: Brought up 1 node, 2 CPUs
[    0.140887] smpboot: Max logical packages: 1
[    0.144006] smpboot: Total of 2 processors activated (8384.24 BogoMIPS)
[    0.145201] devtmpfs: initialized
[    0.145201] x86/mm: Memory block size: 128MB
[    0.145984] evm: security.selinux
[    0.148003] evm: security.SMACK64
[    0.148567] evm: security.SMACK64EXEC
[    0.149187] evm: security.SMACK64TRANSMUTE
[    0.149849] evm: security.SMACK64MMAP
[    0.150446] evm: security.apparmor
[    0.152003] evm: security.ima
[    0.152506] evm: security.capability
[    0.153121] clocksource: jiffies: mask: 0xffffffff max_cycles: 0xffffffff, max_idle_ns: 7645041785100000 ns
[    0.153478] futex hash table entries: 512 (order: 3, 32768 bytes)
[    0.156046] pinctrl core: initialized pinctrl subsystem
[    0.156972] RTC time:  6:19:12, date: 03/10/23
[    0.157822] NET: Registered protocol family 16
[    0.164075] audit: initializing netlink subsys (disabled)
[    0.164893] audit: type=2000 audit(1678429157.815:1): state=initialized audit_enabled=0 res=1
[    0.168023] cpuidle: using governor ladder
[    0.168848] cpuidle: using governor menu
[    0.172065] ACPI: bus type PCI registered
[    0.172840] acpiphp: ACPI Hot Plug PCI Controller Driver version: 0.5
[    0.174148] PCI: Using configuration type 1 for base access
[    0.175071] PCI: Using configuration type 1 for extended access
[    0.177977] HugeTLB registered 2.00 MiB page size, pre-allocated 0 pages
[    0.180160] ACPI: Added _OSI(Module Device)
[    0.181585] ACPI: Added _OSI(Processor Device)
[    0.182762] ACPI: Added _OSI(3.0 _SCP Extensions)
[    0.184014] ACPI: Added _OSI(Processor Aggregator Device)
[    0.185317] ACPI: Added _OSI(Linux-Dell-Video)
[    0.186390] ACPI: Added _OSI(Linux-Lenovo-NV-HDMI-Audio)
[    0.188005] ACPI: Added _OSI(Linux-HPI-Hybrid-Graphics)
[    0.189664] ACPI: Executed 1 blocks of module-level executable AML code
[    0.193951] ACPI: Interpreter enabled
[    0.194748] ACPI: (supports S0 S5)
[    0.195448] ACPI: Using IOAPIC for interrupt routing
[    0.200317] PCI: Using host bridge windows from ACPI; if necessary, use "pci=nocrs" and report a bug
[    0.202347] ACPI: Enabled 2 GPEs in block 00 to 07
[    0.205027] ACPI: PCI Root Bridge [PCI0] (domain 0000 [bus 00-ff])
[    0.206094] acpi PNP0A03:00: _OSC: OS supports [ExtendedConfig ASPM ClockPM Segments MSI]
[    0.208000] acpi PNP0A03:00: _OSC: platform does not support [PCIeCapability]
[    0.212489] acpi PNP0A03:00: _OSC: not requesting control; platform does not support [PCIeCapability]
[    0.213866] acpi PNP0A03:00: _OSC: OS requested [PCIeHotplug PME AER PCIeCapability]
[    0.216020] acpi PNP0A03:00: _OSC: platform willing to grant [PCIeHotplug PME AER]
[    0.219107] acpi PNP0A03:00: _OSC failed (AE_SUPPORT); disabling ASPM
[    0.220605] PCI host bridge to bus 0000:00
[    0.221620] pci_bus 0000:00: root bus resource [io  0x0000-0x0cf7 window]
[    0.224010] pci_bus 0000:00: root bus resource [io  0x0d00-0xffff window]
[    0.225722] pci_bus 0000:00: root bus resource [mem 0x000a0000-0x000bffff window]
[    0.228018] pci_bus 0000:00: root bus resource [mem 0x40000000-0xfdffffff window]
[    0.229625] pci_bus 0000:00: root bus resource [bus 00-ff]
[    0.233428] pci 0000:00:01.1: legacy IDE quirk: reg 0x10: [io  0x01f0-0x01f7]
[    0.234668] pci 0000:00:01.1: legacy IDE quirk: reg 0x14: [io  0x03f6]
[    0.235721] pci 0000:00:01.1: legacy IDE quirk: reg 0x18: [io  0x0170-0x0177]
[    0.236009] pci 0000:00:01.1: legacy IDE quirk: reg 0x1c: [io  0x0376]
[    0.262494] pci 0000:00:07.0: quirk: [io  0x4000-0x403f] claimed by PIIX4 ACPI
[    0.263900] pci 0000:00:07.0: quirk: [io  0x4100-0x410f] claimed by PIIX4 SMB
[    0.281380] ACPI: PCI Interrupt Link [LNKA] (IRQs 5 9 10 *11)
[    0.282865] ACPI: PCI Interrupt Link [LNKB] (IRQs 5 9 *10 11)
[    0.282865] ACPI: PCI Interrupt Link [LNKC] (IRQs 5 *9 10 11)
[    0.282865] ACPI: PCI Interrupt Link [LNKD] (IRQs 5 9 10 *11)
[    0.282865] SCSI subsystem initialized
[    0.284066] pci 0000:00:02.0: vgaarb: setting as boot VGA device
[    0.285255] pci 0000:00:02.0: vgaarb: VGA device added: decodes=io+mem,owns=io+mem,locks=none
[    0.288015] pci 0000:00:02.0: vgaarb: bridge control possible
[    0.289218] vgaarb: loaded
[    0.292070] ACPI: bus type USB registered
[    0.293024] usbcore: registered new interface driver usbfs
[    0.294880] usbcore: registered new interface driver hub
[    0.296047] usbcore: registered new device driver usb
[    0.297188] EDAC MC: Ver: 3.0.0
[    0.297188] PCI: Using ACPI for IRQ routing
[    0.300503] NetLabel: Initializing
[    0.301421] NetLabel:  domain hash size = 128
[    0.302638] NetLabel:  protocols = UNLABELED CIPSOv4 CALIPSO
[    0.303986] NetLabel:  unlabeled traffic allowed by default
[    0.304127] clocksource: Switched to clocksource kvm-clock
[    0.348472] VFS: Disk quotas dquot_6.6.0
[    0.349772] VFS: Dquot-cache hash table entries: 512 (order 0, 4096 bytes)
[    0.351435] AppArmor: AppArmor Filesystem Enabled
[    0.352534] pnp: PnP ACPI init
[    0.354590] pnp: PnP ACPI: found 3 devices
[    0.367557] clocksource: acpi_pm: mask: 0xffffff max_cycles: 0xffffff, max_idle_ns: 2085701024 ns
[    0.369556] NET: Registered protocol family 2
[    0.370507] IP idents hash table entries: 16384 (order: 5, 131072 bytes)
[    0.372014] TCP established hash table entries: 8192 (order: 4, 65536 bytes)
[    0.386972] TCP bind hash table entries: 8192 (order: 5, 131072 bytes)
[    0.388240] TCP: Hash tables configured (established 8192 bind 8192)
[    0.389444] UDP hash table entries: 512 (order: 2, 16384 bytes)
[    0.390504] UDP-Lite hash table entries: 512 (order: 2, 16384 bytes)
[    0.392434] NET: Registered protocol family 1
[    0.393844] pci 0000:00:00.0: Limiting direct PCI/PCI transfers
[    0.395266] pci 0000:00:01.0: Activating ISA DMA hang workarounds
[    0.396971] pci 0000:00:02.0: Video device with shadowed ROM at [mem 0x000c0000-0x000dffff]
[    0.398937] Unpacking initramfs...
[    0.952987] Freeing initrd memory: 19532K
[    0.954310] clocksource: tsc: mask: 0xffffffffffffffff max_cycles: 0x1e36a88731c, max_idle_ns: 440795269020 ns
[    0.956552] platform rtc_cmos: registered platform RTC device (no PNP device found)
[    0.958241] Scanning for low memory corruption every 60 seconds
[    0.960461] Initialise system trusted keyrings
[    0.961279] Key type blacklist registered
[    0.962358] workingset: timestamp_bits=36 max_order=18 bucket_order=0
[    0.965020] zbud: loaded
[    0.967206] squashfs: version 4.0 (2009/01/31) Phillip Lougher
[    0.968824] fuse init (API version 7.26)
[    0.974221] Key type asymmetric registered
[    0.975336] Asymmetric key parser 'x509' registered
[    0.976509] Block layer SCSI generic (bsg) driver version 0.4 loaded (major 246)
[    0.978007] io scheduler noop registered
[    0.978820] io scheduler deadline registered
[    0.979697] io scheduler cfq registered (default)
[    0.981085] ACPI: AC Adapter [AC] (on-line)
[    0.981894] input: Power Button as /devices/LNXSYSTM:00/LNXPWRBN:00/input/input0
[    0.983442] ACPI: Power Button [PWRF]
[    0.984301] input: Sleep Button as /devices/LNXSYSTM:00/LNXSLPBN:00/input/input1
[    0.985863] ACPI: Sleep Button [SLPF]
[    0.987060] Serial: 8250/16550 driver, 32 ports, IRQ sharing enabled
[    0.987782] ACPI: Battery Slot [BAT0] (battery present)
[    1.010362] 00:02: ttS0 at I/O 0x3f8 (irq = 4, base_bad = 115200) s a 16550A
[    1.016811] Linux agpgart interface v0.103
[    1.034773] loop: module loaded
[    1.036383] scsi host0: ata_piix
[    1.037525] scsi host1: ata_piix
[    1.038173] ata1: PATA max UDMA/33 cmd 0x1f0 ctl 0x3f6 bmdma 0xd000 irq 14
[    1.039350] ata2: PATA max UDMA/33 cmd 0x170 ctl 0x376 bmdma 0xd008 irq 15
[    1.040811] tun: Universal TUN/TAP device driver, 1.6
[    1.042487] PPP generic driver version 2.4.2
[    1.043766] ehci_hcd: USB 2.0 'Enhanced' Host Controller (EHCI) Driver
[    1.044911] ehci-pci: EHCI PCI platform driver
[    1.045702] ehci-platform: EHCI generic platform driver
[    1.046505] ohci_hcd: USB 1.1 'Open' Host Controller (OHCI) Driver
[    1.047466] ohci-pci: OHCI PCI platform driver
[    1.048218] ohci-platform: OHCI generic platform driver
[    1.049263] uhci_hcd: USB Universal Host Controller Interface driver
[    1.050411] i8042: PNP: PS/2 Controller [PNP0303:PS2K,PNP0f03:PS2M] at 0x60,0x64 irq 1,12
[    1.052231] serio: i8042 KBD port at 0x60,0x64 irq 1
[    1.053056] serio: i8042 AUX port at 0x60,0x64 irq 12
[    1.054211] mousedev: PS/2 mouse device common for all mice
[    1.055825] input: AT Translated Set 2 keyboard as /devices/platform/i8042/serio0/input/input2
[    1.058302] rtc_cmos rtc_cmos: rtc core: registered rtc_cmos as rtc0
[    1.059919] rtc_cmos rtc_cmos: alarms up to one day, 114 bytes nvram
[    1.061266] i2c /dev entries driver
[    1.062034] device-mapper: uevent: version 1.0.3
[    1.063013] device-mapper: ioctl: 4.37.0-ioctl (2017-09-20) initialised: dm-devel@redhat.com
[    1.065506] ledtrig-cpu: registered to indicate activity on CPUs
[    1.067665] NET: Registered protocol family 10
[    1.073397] Segment Routing with IPv6
[    1.074414] NET: Registered protocol family 17
[    1.075962] Key type dns_resolver registered
[    1.077831] mce: Using 0 MCE banks
[    1.078860] RAS: Correctable Errors collector initialized.
[    1.080140] sched_clock: Marking stable (1077773892, 0)->(1257788424, -180014532)
[    1.082342] registered taskstats version 1
[    1.083024] Loading compiled-in X.509 certificates
[    1.086526] Loaded X.509 cert 'Build time autogenerated kernel key: 449f52b446813ee48ad446aa51a5377584e80c28'
[    1.088898] Loaded X.509 cert 'Canonical Ltd. Live Patch Signing: 14df34d1a87cf37625abec039ef2bf521249b969'
[    1.091101] Loaded X.509 cert 'Canonical Ltd. Kernel Module Signing: 88f752e560a1e0737e31163a466ad7b70a850c19'
[    1.094088] blacklist: Loading compiled-in revocation X.509 certificates
[    1.095441] Loaded X.509 cert 'Canonical Ltd. Secure Boot Signing: 61482aa2830d0ab2ad5af10b7250da9033ddcef0'
[    1.097634] Loaded X.509 cert 'Canonical Ltd. Secure Boot Signing (2017): 242ade75ac4a15e50d50c84b0d45ff3eae707a03'
[    1.099723] Loaded X.509 cert 'Canonical Ltd. Secure Boot Signing (ESM 2018): 365188c1d374d6b07c3c8f240f8ef722433d6a8b'
[    1.101353] Loaded X.509 cert 'Canonical Ltd. Secure Boot Signing (2019): c0746fd6c5da3ae827864651ad66ae47fe24b3e8'
[    1.102880] Loaded X.509 cert 'Canonical Ltd. Secure Boot Signing (2021 v1): a8d54bbb3825cfb94fa13c9f8a594a195c107b8d'
[    1.104562] Loaded X.509 cert 'Canonical Ltd. Secure Boot Signing (2021 v2): 4cf046892d6fd3c9a5b03f98d845f90851dc6a8c'
[    1.106520] Loaded X.509 cert 'Canonical Ltd. Secure Boot Signing (2021 v3): 100437bb6de6e469b581e61cd66bce3ef4ed53af'
[    1.109171] Loaded X.509 cert 'Canonical Ltd. Secure Boot Signing (Ubuntu Core 2019): c1d57b8f6b743f23ee41f4f7ee292f06eecadfb9'
[    1.111028] zswap: loaded using pool lzo/zbud
[    1.116642] Key type big_key registered
[    1.117589] Key type trusted registered
[    1.121396] Key type encrypted registered
[    1.122156] AppArmor: AppArmor sha1 policy hashing enabled
[    1.123252] ima: No TPM chip found, activating TPM-bypass! (rc=-19)
[    1.125266] ima: Allocated hash algorithm: sha1
[    1.126509] evm: HMAC attrs: 0x1
[    1.127678]   Magic number: 15:636:316
[    1.128453] tty tty41: hash matches
[    1.129135] rtc_cmos rtc_cmos: setting system clock to 2023-03-10 06:19:13 UTC (1678429153)
[    1.130972] BIOS EDD facility v0.16 2004-Jun-25, 0 devices found
[    1.133207] EDD information not available.
[    1.227863] Freeing unused kernel image memory: 2480K
[    1.248911] Write protecting the kernel read-only data: 20480k
[    1.251891] Freeing unused kernel image memory: 2008K
[    1.253568] Freeing unused kernel image memory: 1820K
[    1.264952] x86/mm: Checked W+X mappings: passed, no W+X pages found.
Loading, please wait...
starting version 237
[    1.353297] Fusion MPT base driver 3.04.20
[    1.354168] Copyright (c) 1999-2008 LSI Corporation
[    1.355453] e1000: Intel(R) PRO/1000 Network Driver - version 7.3.21-k8-NAPI
[    1.356718] e1000: Copyright (c) 1999-2006 Intel Corporation.
[    1.374010] Fusion MPT SPI Host driver 3.04.20
[    1.388775] AVX2 version of gcm_enc/dec engaged.
[    1.389650] AES CTR mode by8 optimization enabled
[    1.587226] input: ImExPS/2 Generic Explorer Mouse as /devices/platform/i8042/serio1/input/input4
[    1.765751] e1000 0000:00:03.0 eth0: (PCI:33MHz:32-bit) 02:4f:75:14:cc:00
[    1.767102] e1000 0000:00:03.0 eth0: Intel(R) PRO/1000 Network Connection
[    1.770206] mptbase: ioc0: Initiating bringup
[    3.127924] ioc0: LSI53C1030 A0: Capabilities={Initiator}
[    3.862727] scsi host2: ioc0: LSI53C1030 A0, FwRev=00000000h, Ports=1, MaxQ=256, IRQ=20
[    4.259253] scsi 2:0:0:0: Direct-Access     VBOX     HARDDISK         1.0  PQ: 0 ANSI: 5
[    4.719439] scsi target2:0:0: Beginning Domain Validation
[    4.724170] scsi target2:0:0: Domain Validation skipping write tests
[    4.726281] scsi target2:0:0: Ending Domain Validation
[    4.727819] scsi target2:0:0: asynchronous
[    4.729822] scsi 2:0:1:0: Direct-Access     VBOX     HARDDISK         1.0  PQ: 0 ANSI: 5
[    4.916358] scsi target2:0:1: Beginning Domain Validation
[    4.919659] scsi target2:0:1: Domain Validation skipping write tests
[    4.920944] scsi target2:0:1: Ending Domain Validation
[    4.921910] scsi target2:0:1: asynchronous
[    4.929904] sd 2:0:0:0: [sda] 83886080 512-byte logical blocks: (42.9 GB/40.0 GiB)
[    4.932516] sd 2:0:0:0: Attached scsi generic sg0 type 0
[    4.933864] sd 2:0:0:0: [sda] Write Protect is off
[    4.935269] sd 2:0:0:0: [sda] Incomplete mode parameter data
[    4.936345] sd 2:0:0:0: [sda] Assuming drive cache: write through
[    4.938282] sd 2:0:1:0: Attached scsi generic sg1 type 0
[    4.939686] e1000 0000:00:08.0 eth1: (PCI:33MHz:32-bit) 08:00:27:74:55:04
[    4.941310] e1000 0000:00:08.0 eth1: Intel(R) PRO/1000 Network Connection
[    4.943187] sd 2:0:1:0: [sdb] 20480 512-byte logical blocks: (10.5 MB/10.0 MiB)
[    4.945467] sd 2:0:1:0: [sdb] Write Protect is off
[    4.947019] sd 2:0:1:0: [sdb] Incomplete mode parameter data
[    4.948399] sd 2:0:1:0: [sdb] Assuming drive cache: write through
[    4.952533]  sda: sda1
[    4.954521] sd 2:0:1:0: [sdb] Attached SCSI disk
[    4.954534] sd 2:0:0:0: [sda] Attached SCSI disk
[    4.958192] e1000 0000:00:03.0 enp0s3: renamed from eth0
[    4.972609] e1000 0000:00:08.0 enp0s8: renamed from eth1
Begin: Loading essential drivers ... [    6.524755] raid6: sse2x1   gen()  6794 MB/s
[    6.572665] raid6: sse2x1   xor()  4418 MB/s
[    6.620703] raid6: sse2x2   gen()  9495 MB/s
[    6.668045] raid6: sse2x2   xor()  6005 MB/s
[    6.716703] raid6: sse2x4   gen() 10483 MB/s
[    6.764734] raid6: sse2x4   xor()  5950 MB/s
[    6.812851] raid6: avx2x1   gen()  9919 MB/s
[    6.860729] raid6: avx2x1   xor()  7111 MB/s
[    6.908771] raid6: avx2x2   gen() 12822 MB/s
[    6.956753] raid6: avx2x2   xor()  8644 MB/s
[    7.004776] raid6: avx2x4   gen() 14139 MB/s
[    7.052792] raid6: avx2x4   xor()  9321 MB/s
[    7.053925] raid6: using algorithm avx2x4 gen() 14139 MB/s
[    7.055124] raid6: .... xor() 9321 MB/s, rmw enabled
[    7.056295] raid6: using avx2x2 recovery algorithm
[    7.059752] xor: automatically using best checksumming function   avx       
[    7.062811] async_tx: api initialized (async)
done.
Begin: Running /scripts/init-premount ... done.
Begin: Mounting root file system ... Begin: Running /scripts/local-top ... done.
Begin: Running /scripts/local-premount ... [    7.118082] Btrfs loaded, crc32c=crc32c-intel
Scanning for Btrfs filesystems
done.
Warning: fsck not present, so skipping root file system
[    7.155926] EXT4-fs (sda1): mounted filesystem with ordered data mode. Opts: (null)
done.
Begin: Running /scripts/local-bottom ... done.
Begin: Running /scripts/init-bottom ... done.
[    7.374757] ip_tables: (C) 2000-2006 Netfilter Core Team
[    7.385845] systemd[1]: systemd 237 running in system mode. (+PAM +AUDIT +SELINUX +IMA +APPARMOR +SMACK +SYSVINIT +UTMP +LIBCRYPTSETUP +GCRYPT +GNUTLS +ACL +XZ +LZ4 +SECCOMP +BLKID +ELFUTILS +KMOD -IDN2 +IDN -PCRE2 default-hierarchy=hybrid)
[    7.388984] systemd[1]: Detected virtualization oracle.
[    7.389827] systemd[1]: Detected architecture x86-64.

Welcome to [1mUbuntu 18.04.6 LTS[0m!

[    7.396392] systemd[1]: Set hostname to <web01>.
[    7.730109] systemd[1]: Reached target Swap.
[[0;32m  OK  [0m] Reached target Swap.
[    7.733246] systemd[1]: Created slice User and Session Slice.
[[0;32m  OK  [0m] Created slice User and Session Slice.
[    7.748480] systemd[1]: Set up automount Arbitrary Executable File Formats File System Automount Point.
[[0;32m  OK  [0m] Set up automount Arbitrary Executab…rmats File System Automount Point.
[    7.752356] systemd[1]: Reached target User and Group Name Lookups.
[[0;32m  OK  [0m] Reached target User and Group Name Lookups.
[    7.767643] systemd[1]: Reached target Mounting snaps.
[[0;32m  OK  [0m] Reached target Mounting snaps.
[    7.769142] systemd[1]: Reached target Mounted snaps.
[[0;32m  OK  [0m] Reached target Mounted snaps.
[[0;32m  OK  [0m] Created slice System Slice.
[[0;32m  OK  [0m] Listening on udev Control Socket.
[[0;32m  OK  [0m] Created slice system-serial\x2dgetty.slice.
[[0;32m  OK  [0m] Listening on Network Service Netlink Socket.
[[0;32m  OK  [0m] Listening on Journal Socket.
         Mounting Huge Pages File System...
[[0;32m  OK  [0m] Listening on udev Kernel Socket.
[[0;32m  OK  [0m] Listening on Device-mapper event daemon FIFOs.
[[0;32m  OK  [0m] Listening on fsck to fsckd communication Socket.
         Starting File System Check on Root Device...
[[0;32m  OK  [0m] Listening on Syslog Socket.
         Mounting POSIX Message Queue File System...
[[0;32m  OK  [0m] Listening on Journal Audit Socket.
         Starting Load Kernel Modules...
         Starting Set the console keyboard layout...
         Starting udev Coldplug all Devices...
[[0;32m  OK  [0m] Reached target Slices.
         Mounting Kernel Debug File System...
         Starting Uncomplicated firewall...
[[0;32m  OK  [0m] Listening on LVM2 metadata daemo[    7.855553] Loading iSCSI transport class v2.0-870.
n socket.
         Starting Monitoring of LVM2 mirrors…ng dmeventd or progress polling...
         Starting Create list of required st…ce nodes for the current kernel...
[[0;32m  OK  [0m] Reached target System Time Synchronized.
[    7.876029] iscsi: registered transport (tcp)
[[0;32m  OK  [0m] Listening on /dev/initctl Compatibility Named Pipe.
[[0;32m  OK  [0m] Listening on LVM2 poll daemon socket.
[[0;32m  OK  [0m] Started Forward Password Requests to Wall Directory Watch.
[[0;32m  OK  [0m] Listening on Journal Socket (/dev/log).
         Starting Journal Service...
[[0;32m  OK  [0m] Mounted Huge Pages File System.
[[0;32m  OK  [0m] Started File System Check on Root Device.
[[0;32m  OK  [0m] Mounted POSIX Message Queue File System.
[[0;32m  OK  [0m[    7.915294] iscsi: registered transport (iser)
] Mounted Kernel Debug File System.
[[0;32m  OK  [0m] Started Load Kernel Modules.
[[0;32m  OK  [0m] Started Uncomplicated firewall.
[[0;32m  OK  [0m] Started File System Check Daemon to report status.
         Starting Apply Kernel Variables...
         Mounting Kernel Configuration File System...
         Mounting FUSE Control File System...
         Starting Remount Root and Kernel File Systems...
[[0;32m  OK  [0m] Started Create list of required sta…vice nodes for the current kernel.
[[0;32m  OK  [0m] Started udev Coldplug all Devices.
[[0;32m  OK  [0m] Mounted Kernel Configuration File System.
[[0;32m  OK  [0m] Started LVM2 metadata daemon.
         Starting Create Static Device Nodes in /dev...
[[0;32m  OK  [0m] Mounted FUSE Control File System.
[[0;32m  OK  [0m] Started Journal Service.
[[0;32m  OK  [0m] Started Create Static Device Nodes in /dev.
[[0;32m  OK  [0m] Started Apply Kernel Variables.
[[0;32m  OK  [0m] Started Remount Root and Kernel File Systems.
         Starting Flush Journal to Persistent Storage...
         Starting Load/Save Random Seed...
         Starting udev Kernel Device Manager...
[[0;32m  OK  [0m] Started Monitoring of LVM2 mirrors,…sing dmeventd or progress polling.
[[0;32m  OK  [0m] Started Load/Save Random Seed.
[[0;32m  OK  [0m] Started Set the console keyboard layout.
[[0;32m  OK  [0m] Reached target Local File Systems (Pre).
[[0;32m  OK  [0m] Reached target Local File Systems.
         Starting ebtables ruleset management...
         Starting Set console font and keymap...
         Starting AppArmor initialization...
         Starting Tell Plymouth To Write Out Runtime Data...
[[0;32m  OK  [0m] Started udev Kernel Device Manager.
[[0;32m  OK  [0m] Started Dispatch Password Requests to Console Directory Watch.
[[0;32m  OK  [0m] Reached target Local Encrypted Volumes.
[[0;32m  OK  [0m] Started Flush Journal to Persistent Storage.
         Starting Create Volatile Files and Directories...
[[0;32m  OK  [0m] Started Set console font and keymap.
[[0;32m  OK  [0m] Started Tell Plymouth To Write Out Runtime Data.
[[0;32m  OK  [0m] Started Create Volatile Files and Directories.
         Starting Update UTMP about System Boot/Shutdown...
[[0;32m  OK  [0m] Started Update UTMP about System Boot/Shutdown.
[[0;32m  OK  [0m] Started ebtables ruleset management.
[[0;32m  OK  [0m] Found device /dev/ttyS0.
[[0;32m  OK  [0m] Started AppArmor initialization.
         Starting Initial cloud-init job (pre-networking)...
         Starting Load AppArmor profiles managed internally by snapd...
         Mounting Arbitrary Executable File Formats File System...
[[0;32m  OK  [0m] Listening on Load/Save RF Kill Switch Status /dev/rfkill Watch.
[[0;32m  OK  [0m] Mounted Arbitrary Executable File Formats File System.
[[0;32m  OK  [0m] Started Load AppArmor profiles managed internally by snapd.
[   10.439634] cloud-init[554]: Cloud-init v. 22.4.2-0ubuntu0~18.04.1 running 'init-local' at Fri, 10 Mar 2023 06:19:22 +0000. Up 10.24 seconds.
[[0;32m  OK  [0m] Started Initial cloud-init job (pre-networking).
[[0;32m  OK  [0m] Reached target Network (Pre).
         Starting Network Service...
[[0;32m  OK  [0m] Started Network Service.
         Starting Wait for Network to be Configured...
         Starting Network Name Resolution...
[[0;32m  OK  [0m] Started Network Name Resolution.
[[0;32m  OK  [0m] Reached target Network.
[[0;32m  OK  [0m] Reached target Host and Network Name Lookups.
[[0;32m  OK  [0m] Started Wait for Network to be Configured.
         Starting Initial cloud-init job (metadata service crawler)...
[   13.224393] cloud-init[680]: Cloud-init v. 22.4.2-0ubuntu0~18.04.1 running 'init' at Fri, 10 Mar 2023 06:19:25 +0000. Up 13.02 seconds.
[   13.246372] cloud-init[680]: ci-info: ++++++++++++++++++++++++++++++++++++++Net device info+++++++++++++++++++++++++++++++++++++++
[   13.247876] cloud-init[680]: ci-info: +--------+------+-----------------------------+---------------+--------+-------------------+
[   13.249138] cloud-init[680]: ci-info: | Device |  Up  |           Address           |      Mask     | Scope  |     Hw-Address    |
[   13.250117] cloud-init[680]: ci-info: +--------+------+-----------------------------+---------------+--------+-------------------+
[   13.251871] cloud-init[680]: ci-info: | enp0s3 | True |          10.0.2.15          | 255.255.255.0 | global | 02:4f:75:14:cc:00 |
[   13.253302] cloud-init[680]: ci-info: | enp0s3 | True |  fe80::4f:75ff:fe14:cc00/64 |       .       |  link  | 02:4f:75:14:cc:00 |
[   13.254674] cloud-init[680]: ci-info: | enp0s8 | True |        192.168.56.11        | 255.255.255.0 | global | 08:00:27:74:55:04 |
[   13.256334] cloud-init[680]: ci-info: | enp0s8 | True | fe80::a00:27ff:fe74:5504/64 |       .       |  link  | 08:00:27:74:55:04 |
[   13.257358] cloud-init[680]: ci-info: |   lo   | True |          127.0.0.1          |   255.0.0.0   |  host  |         .         |
[   13.258307] cloud-init[680]: ci-info: |   lo   | True |           ::1/128           |       .       |  host  |         .         |
[   13.259941] cloud-init[680]: ci-info: +--------+------+-----------------------------+---------------+--------+-------------------+
[   13.261787] cloud-init[680]: ci-info: +++++++++++++++++++++++++++++Route IPv4 info+++++++++++++++++++++++++++++
[   13.262797] cloud-init[680]: ci-info: +-------+--------------+----------+-----------------+-----------+-------+
[   13.264081] cloud-init[680]: ci-info: | Route | Destination  | Gateway  |     Genmask     | Interface | Flags |
[   13.265230] cloud-init[680]: ci-info: +-------+--------------+----------+-----------------+-----------+-------+
[   13.266433] cloud-init[680]: ci-info: |   0   |   0.0.0.0    | 10.0.2.2 |     0.0.0.0     |   enp0s3  |   UG  |
[   13.267350] cloud-init[680]: ci-info: |   1   |   10.0.2.0   | 0.0.0.0  |  255.255.255.0  |   enp0s3  |   U   |
[   13.268225] cloud-init[680]: ci-info: |   2   |   10.0.2.2   | 0.0.0.0  | 255.255.255.255 |   enp0s3  |   UH  |
[   13.269142] cloud-init[680]: ci-info: |   3   | 192.168.56.0 | 0.0.0.0  |  255.255.255.0  |   enp0s8  |   U   |
[   13.269994] cloud-init[680]: ci-info: +-------+--------------+----------+-----------------+-----------+-------+
[   13.271120] cloud-init[680]: ci-info: +++++++++++++++++++Route IPv6 info+++++++++++++++++++
[   13.272477] cloud-init[680]: ci-info: +-------+-------------+---------+-----------+-------+
[   13.273896] cloud-init[680]: ci-info: | Route | Destination | Gateway | Interface | Flags |
[   13.275159] cloud-init[680]: ci-info: +-------+-------------+---------+-----------+-------+
[   13.277197] cloud-init[680]: ci-info: |   1   |  fe80::/64  |    ::   |   enp0s8  |   U   |
[   13.278726] cloud-init[680]: ci-info: |   2   |  fe80::/64  |    ::   |   enp0s3  |   U   |
[   13.279744] cloud-init[680]: ci-info: |   4   |    local    |    ::   |   enp0s3  |   U   |
[   13.280645] cloud-init[680]: ci-info: |   5   |    local    |    ::   |   enp0s8  |   U   |
[   13.292408] cloud-init[680]: ci-info: |   6   |   ff00::/8  |    ::   |   enp0s8  |   U   |
[   13.305169] cloud-init[680]: ci-info: |   7   |   ff00::/8  |    ::   |   enp0s3  |   U   |
[   13.306716] cloud-init[680]: ci-info: +-------+-------------+---------+-----------+-------+
[[0;32m  OK  [0m] Started Initial cloud-init job (metadata service crawler).
[[0;32m  OK  [0m] Reached target Cloud-config availability.
[[0;32m  OK  [0m] Reached target Network is Online.
[[0;32m  OK  [0m] Reached target Remote File Systems (Pre).
         Mounting /vagrant...
         Starting Availability of block devices...
[[0;32m  OK  [0m] Reached target System Initialization.
[[0;32m  OK  [0m] Listening on ACPID Listen Socket.
[[0;32m  OK  [0m] Listening on cloud-init hotplug hook socket.
[[0;32m  OK  [0m] Listening on D-Bus System Message Bus Socket.
[[0;32m  OK  [0m] Started Daily apt download activities.
[[0;32m  OK  [0m] Started Daily Cleanup of Temporary Directories.
         Starting LXD - unix socket.
[[0;32m  OK  [0m] Started Discard unused blocks once a week.
[[0;32m  OK  [0m] Listening on Open-iSCSI iscsid Socket.
[[0;32m  OK  [0m] Started Ubuntu Advantage Timer for running repeated jobs.
[[0;32m  OK  [0m] Listening on UUID daemon activation socket.
[[0;32m  OK  [0m] Started Daily apt upgrade and clean activities.
[[0;32m  OK  [0m] Started Message of the Day.
[[0;32m  OK  [0m] Reached target Timers.
         Starting Socket activation for snappy daemon.
[[0;32m  OK  [0m] Started ACPI Events Check.
[[0;32m  OK  [0m] Reached target Paths.
[[0;32m  OK  [0m] Mounted /vagrant.
[[0;32m  OK  [0m] Started Availability of block devices.
[[0;32m  OK  [0m] Listening on LXD - unix socket.
[[0;32m  OK  [0m] Listening on Socket activation for snappy daemon.
[[0;32m  OK  [0m] Reached target Sockets.
[[0;32m  OK  [0m] Reached target Basic System.
[[0;32m  OK  [0m] Started Regular background program processing daemon.
[[0;32m  OK  [0m] Reached target Login Prompts (Pre).
         Starting System Logging Service...
         Starting Accounts Service...
         Starting Virtualbox guest utils...
         Starting LSB: Record successful boot for GRUB...
         Starting Snap Daemon...
[[0;32m  OK  [0m] Started D-Bus System Message Bus.
         Starting Message of the Day...
[[0;32m  OK  [0m] Started FUSE filesystem for LXC.
[[0;32m  OK  [0m] Started irqbalance daemon.
         Starting Login Service...
[[0;32m  OK  [0m] Started Deferred execution scheduler.
         Starting OpenBSD Secure Shell server...
         Starting Dispatcher daemon for systemd-networkd...
         Starting LXD - container startup/shutdown...
[[0;32m  OK  [0m] Reached target Remote File Systems.
         Starting LSB: automatic crash report generation...
         Starting Permit User Sessions...
[[0;32m  OK  [0m] Started System Logging Service.
[[0;32m  OK  [0m] Started Login Service.
[[0;32m  OK  [0m] Started Unattended Upgrades Shutdown.
         Starting Authorization Manager...
[[0;32m  OK  [0m] Started Permit User Sessions.
         Starting Terminate Plymouth Boot Screen...
         Starting Hold until boot process finishes up...
[[0;32m  OK  [0m] Started Hold until boot process finishes up.
         Starting Set console scheme...
[[0;32m  OK  [0m] Started Serial Getty on ttyS0.
[[0;32m  OK  [0m] Started Terminate Plymouth Boot Screen.
[[0;32m  OK  [0m] Started Set console scheme.
[[0;32m  OK  [0m] Created slice system-getty.slice.
[[0;32m  OK  [0m] Started Getty on tty1.
[[0;32m  OK  [0m] Reached target Login Prompts.
[[0;32m  OK  [0m] Started OpenBSD Secure Shell server.
[[0;32m  OK  [0m] Started LSB: Record successful boot for GRUB.
[[0;32m  OK  [0m] Started LSB: automatic crash report generation.
[[0;32m  OK  [0m] Started Authorization Manager.
[[0;32m  OK  [0m] Started Accounts Service.
[[0;32m  OK  [0m] Started Virtualbox guest utils.
[[0;32m  OK  [0m] Started LXD - container startup/shutdown.
[[0;32m  OK  [0m] Started Dispatcher daemon for systemd-networkd.
[[0;32m  OK  [0m] Created slice User Slice of vagrant.
         Starting User Manager for UID 1000...
[[0;32m  OK  [0m] Started Session 1 of user vagrant.
[[0;32m  OK  [0m] Started User Manager for UID 1000.
[[0;32m  OK  [0m] Started Snap Daemon.
         Starting Wait until snapd is fully seeded...
         Starting Time & Date Service...
[[0;32m  OK  [0m] Started Time & Date Service.
[[0;32m  OK  [0m] Started Wait until snapd is fully seeded.
         Starting Apply the settings specified in cloud-config...
[   16.549884] cloud-init[1190]: Cloud-init v. 22.4.2-0ubuntu0~18.04.1 running 'modules:config' at Fri, 10 Mar 2023 06:19:28 +0000. Up 16.39 seconds.
[[0;32m  OK  [0m] Started Apply the settings specified in cloud-config.
[[0;32m  OK  [0m] Reached target Multi-User System.
[[0;32m  OK  [0m] Reached target Graphical Interface.
         Starting Update UTMP about System Runlevel Changes...
         Starting Execute cloud user/final scripts...
[[0;32m  OK  [0m] Started Update UTMP about System Runlevel Changes.
[[0;32m  OK  [0m] Started Message of the Day.
[   17.389642] cloud-init[1263]: Cloud-init v. 22.4.2-0ubuntu0~18.04.1 running 'modules:final' at Fri, 10 Mar 2023 06:19:29 +0000. Up 17.23 seconds.
[   17.392085] cloud-init[1263]: Cloud-init v. 22.4.2-0ubuntu0~18.04.1 finished at Fri, 10 Mar 2023 06:19:29 +0000. Datasource DataSourceNoCloud [seed=/dev/sdb][dsmode=net].  Up 17.37 seconds
[[0;32m  OK  [0m] Started Execute cloud user/final scripts.
[[0;32m  OK  [0m] Reached target Cloud-init target.
         Starting Daily apt download activities...
         Starting Update APT News...
         Starting Update the local ESM caches...

Ubuntu 18.04.6 LTS web01 ttyS0

web01 login: 