[    0.000000] Linux version 4.15.0-204-generic (buildd@lcy02-amd64-030) (gcc version 7.5.0 (Ubuntu 7.5.0-3ubuntu1~18.04)) #215-Ubuntu SMP Fri Jan 20 18:24:59 UTC 2023 (Ubuntu 4.15.0-204.215-generic 4.15.18)
[    0.000000] Command line: BOOT_IMAGE=/boot/vmlinuz-4.15.0-204-generic root=LABEL=cloudimg-rootfs ro console=tty1 console=ttyS0
[    0.000000] KERNEL supported cpus:
[    0.000000]   Intel GenuineIntel
[    0.000000]   AMD AuthenticAMD
[    0.000000]   Centaur CentaurHauls
[    0.000000] [Firmware Bug]: TSC doesn't count with P0 frequency!
[    0.000000] x86/fpu: Supporting XSAVE feature 0x001: 'x87 floating point registers'
[    0.000000] x86/fpu: Supporting XSAVE feature 0x002: 'SSE registers'
[    0.000000] x86/fpu: Supporting XSAVE feature 0x004: 'AVX registers'
[    0.000000] x86/fpu: xstate_offset[2]:  576, xstate_sizes[2]:  256
[    0.000000] x86/fpu: Enabled xstate features 0x7, context size is 832 bytes, using 'standard' format.
[    0.000000] e820: BIOS-provided physical RAM map:
[    0.000000] BIOS-e820: [mem 0x0000000000000000-0x000000000009fbff] usable
[    0.000000] BIOS-e820: [mem 0x000000000009fc00-0x000000000009ffff] reserved
[    0.000000] BIOS-e820: [mem 0x00000000000f0000-0x00000000000fffff] reserved
[    0.000000] BIOS-e820: [mem 0x0000000000100000-0x000000003ffeffff] usable
[    0.000000] BIOS-e820: [mem 0x000000003fff0000-0x000000003fffffff] ACPI data
[    0.000000] BIOS-e820: [mem 0x00000000fec00000-0x00000000fec00fff] reserved
[    0.000000] BIOS-e820: [mem 0x00000000fee00000-0x00000000fee00fff] reserved
[    0.000000] BIOS-e820: [mem 0x00000000fffc0000-0x00000000ffffffff] reserved
[    0.000000] NX (Execute Disable) protection: active
[    0.000000] SMBIOS 2.5 present.
[    0.000000] DMI: innotek GmbH VirtualBox/VirtualBox, BIOS VirtualBox 12/01/2006
[    0.000000] Hypervisor detected: KVM
[    0.000000] e820: last_pfn = 0x3fff0 max_arch_pfn = 0x400000000
[    0.000000] MTRR: Disabled
[    0.000000] x86/PAT: MTRRs disabled, skipping PAT initialization too.
[    0.000000] CPU MTRRs all blank - virtualized system.
[    0.000000] x86/PAT: Configuration [0-7]: WB  WT  UC- UC  WB  WT  UC- UC  
[    0.000000] found SMP MP-table at [mem 0x0009fff0-0x0009ffff]
[    0.000000] Scanning 1 areas for low memory corruption
[    0.000000] RAMDISK: [mem 0x359c9000-0x36cdbfff]
[    0.000000] ACPI: Early table checksum verification disabled
[    0.000000] ACPI: RSDP 0x00000000000E0000 000024 (v02 VBOX  )
[    0.000000] ACPI: XSDT 0x000000003FFF0030 00003C (v01 VBOX   VBOXXSDT 00000001 ASL  00000061)
[    0.000000] ACPI: FACP 0x000000003FFF00F0 0000F4 (v04 VBOX   VBOXFACP 00000001 ASL  00000061)
[    0.000000] ACPI: DSDT 0x000000003FFF0470 002325 (v02 VBOX   VBOXBIOS 00000002 INTL 20100528)
[    0.000000] ACPI: FACS 0x000000003FFF0200 000040
[    0.000000] ACPI: FACS 0x000000003FFF0200 000040
[    0.000000] ACPI: APIC 0x000000003FFF0240 00005C (v02 VBOX   VBOXAPIC 00000001 ASL  00000061)
[    0.000000] ACPI: SSDT 0x000000003FFF02A0 0001CC (v01 VBOX   VBOXCPUT 00000002 INTL 20100528)
[    0.000000] ACPI: Reserving FACP table memory at [mem 0x3fff00f0-0x3fff01e3]
[    0.000000] ACPI: Reserving DSDT table memory at [mem 0x3fff0470-0x3fff2794]
[    0.000000] ACPI: Reserving FACS table memory at [mem 0x3fff0200-0x3fff023f]
[    0.000000] ACPI: Reserving FACS table memory at [mem 0x3fff0200-0x3fff023f]
[    0.000000] ACPI: Reserving APIC table memory at [mem 0x3fff0240-0x3fff029b]
[    0.000000] ACPI: Reserving SSDT table memory at [mem 0x3fff02a0-0x3fff046b]
[    0.000000] No NUMA configuration found
[    0.000000] Faking a node at [mem 0x0000000000000000-0x000000003ffeffff]
[    0.000000] NODE_DATA(0) allocated [mem 0x3ffc5000-0x3ffeffff]
[    0.000000] kvm-clock: cpu 0, msr 0:3ff44001, primary cpu clock
[    0.000000] kvm-clock: Using msrs 4b564d01 and 4b564d00
[    0.000000] kvm-clock: using sched offset of 3906534546 cycles
[    0.000000] clocksource: kvm-clock: mask: 0xffffffffffffffff max_cycles: 0x1cd42e4dffb, max_idle_ns: 881590591483 ns
[    0.000000] Zone ranges:
[    0.000000]   DMA      [mem 0x0000000000001000-0x0000000000ffffff]
[    0.000000]   DMA32    [mem 0x0000000001000000-0x000000003ffeffff]
[    0.000000]   Normal   empty
[    0.000000]   Device   empty
[    0.000000] Movable zone start for each node
[    0.000000] Early memory node ranges
[    0.000000]   node   0: [mem 0x0000000000001000-0x000000000009efff]
[    0.000000]   node   0: [mem 0x0000000000100000-0x000000003ffeffff]
[    0.000000] Reserved but unavailable: 104 pages
[    0.000000] Initmem setup node 0 [mem 0x0000000000001000-0x000000003ffeffff]
[    0.000000] ACPI: PM-Timer IO Port: 0x4008
[    0.000000] IOAPIC[0]: apic_id 2, version 32, address 0xfec00000, GSI 0-23
[    0.000000] ACPI: INT_SRC_OVR (bus 0 bus_irq 0 global_irq 2 dfl dfl)
[    0.000000] ACPI: INT_SRC_OVR (bus 0 bus_irq 9 global_irq 9 low level)
[    0.000000] Using ACPI (MADT) for SMP configuration information
[    0.000000] smpboot: Allowing 2 CPUs, 0 hotplug CPUs
[    0.000000] PM: Registered nosave memory: [mem 0x00000000-0x00000fff]
[    0.000000] PM: Registered nosave memory: [mem 0x0009f000-0x0009ffff]
[    0.000000] PM: Registered nosave memory: [mem 0x000a0000-0x000effff]
[    0.000000] PM: Registered nosave memory: [mem 0x000f0000-0x000fffff]
[    0.000000] e820: [mem 0x40000000-0xfebfffff] available for PCI devices
[    0.000000] Booting paravirtualized kernel on KVM
[    0.000000] clocksource: refined-jiffies: mask: 0xffffffff max_cycles: 0xffffffff, max_idle_ns: 7645519600211568 ns
[    0.000000] setup_percpu: NR_CPUS:8192 nr_cpumask_bits:2 nr_cpu_ids:2 nr_node_ids:1
[    0.000000] percpu: Embedded 50 pages/cpu s167936 r8192 d28672 u1048576
[    0.000000] PV qspinlock hash table entries: 256 (order: 0, 4096 bytes)
[    0.000000] Built 1 zonelists, mobility grouping on.  Total pages: 257913
[    0.000000] Policy zone: DMA32
[    0.000000] Kernel command line: BOOT_IMAGE=/boot/vmlinuz-4.15.0-204-generic root=LABEL=cloudimg-rootfs ro console=tty1 console=ttyS0
[    0.000000] Memory: 982640K/1048120K available (12300K kernel code, 2477K rwdata, 4324K rodata, 2480K init, 2720K bss, 65480K reserved, 0K cma-reserved)
[    0.000000] SLUB: HWalign=64, Order=0-3, MinObjects=0, CPUs=2, Nodes=1
[    0.000000] ftrace: allocating 39488 entries in 155 pages
[    0.004000] Hierarchical RCU implementation.
[    0.004000] 	RCU restricting CPUs from NR_CPUS=8192 to nr_cpu_ids=2.
[    0.004000] 	Tasks RCU enabled.
[    0.004000] RCU: Adjusting geometry for rcu_fanout_leaf=16, nr_cpu_ids=2
[    0.004000] NR_IRQS: 524544, nr_irqs: 440, preallocated irqs: 16
[    0.004000] random: crng init done
[    0.004000] Console: colour VGA+ 80x25
[    0.004000] console [tty1] enabled
[    0.004000] console [ttyS0] enabled
[    0.004000] ACPI: Core revision 20170831
[    0.004000] ACPI: 2 ACPI AML tables successfully acquired and loaded
[    0.004000] APIC: Switch to symmetric I/O mode setup
[    0.004000] x2apic enabled
[    0.004000] Switched APIC routing to physical x2apic.
[    0.004000] ..TIMER: vector=0x30 apic1=0 pin1=2 apic2=-1 pin2=-1
[    0.004000] tsc: Detected 2096.060 MHz processor
[    0.004000] Calibrating delay loop (skipped) preset value.. 4192.12 BogoMIPS (lpj=8384240)
[    0.004000] pid_max: default: 32768 minimum: 301
[    0.004000] Security Framework initialized
[    0.004000] Yama: becoming mindful.
[    0.004000] AppArmor: AppArmor initialized
[    0.004000] Dentry cache hash table entries: 131072 (order: 8, 1048576 bytes)
[    0.004000] Inode-cache hash table entries: 65536 (order: 7, 524288 bytes)
[    0.004000] Mount-cache hash table entries: 2048 (order: 2, 16384 bytes)
[    0.004000] Mountpoint-cache hash table entries: 2048 (order: 2, 16384 bytes)
[    0.004000] Last level iTLB entries: 4KB 1024, 2MB 1024, 4MB 512
[    0.004000] Last level dTLB entries: 4KB 1536, 2MB 1536, 4MB 768, 1GB 0
[    0.004000] Spectre V1 : Mitigation: usercopy/swapgs barriers and __user pointer sanitization
[    0.004000] Spectre V2 : Mitigation: Retpolines
[    0.004000] Spectre V2 : Spectre v2 / SpectreRSB mitigation: Filling RSB on context switch
[    0.004000] Spectre V2 : Spectre v2 / SpectreRSB : Filling RSB on VMEXIT
[    0.004000] RETBleed: Vulnerable
[    0.004000] Freeing SMP alternatives memory: 36K
[    0.130186] APIC calibration not consistent with PM-Timer: 119ms instead of 100ms
[    0.131585] APIC delta adjusted to PM-Timer: 6278695 (7505847)
[    0.132092] smpboot: CPU0: AMD Ryzen 5 3500U with Radeon Vega Mobile Gfx (family: 0x17, model: 0x18, stepping: 0x1)
[    0.133852] Performance Events: PMU not available due to virtualization, using software events only.
[    0.136085] Hierarchical SRCU implementation.
[    0.138086] NMI watchdog: Perf event create on CPU 0 failed with -2
[    0.139163] NMI watchdog: Perf NMI watchdog permanently disabled
[    0.140059] smp: Bringing up secondary CPUs ...
[    0.140902] x86: Booting SMP configuration:
[    0.141629] .... node  #0, CPUs:      #1
[    0.004000] kvm-clock: cpu 1, msr 0:3ff44041, secondary cpu clock
[    0.144041] smp: Brought up 1 node, 2 CPUs
[    0.145254] smpboot: Max logical packages: 1
[    0.146523] smpboot: Total of 2 processors activated (8384.24 BogoMIPS)
[    0.148057] devtmpfs: initialized
[    0.148591] x86/mm: Memory block size: 128MB
[    0.149509] evm: security.selinux
[    0.150045] evm: security.SMACK64
[    0.150553] evm: security.SMACK64EXEC
[    0.151093] evm: security.SMACK64TRANSMUTE
[    0.151689] evm: security.SMACK64MMAP
[    0.152008] evm: security.apparmor
[    0.152676] evm: security.ima
[    0.153139] evm: security.capability
[    0.153708] clocksource: jiffies: mask: 0xffffffff max_cycles: 0xffffffff, max_idle_ns: 7645041785100000 ns
[    0.156027] futex hash table entries: 512 (order: 3, 32768 bytes)
[    0.160063] pinctrl core: initialized pinctrl subsystem
[    0.160109] RTC time: 18:29:13, date: 03/08/23
[    0.160983] NET: Registered protocol family 16
[    0.161750] audit: initializing netlink subsys (disabled)
[    0.168041] audit: type=2000 audit(1678300158.222:1): state=initialized audit_enabled=0 res=1
[    0.169814] cpuidle: using governor ladder
[    0.172047] cpuidle: using governor menu
[    0.173522] ACPI: bus type PCI registered
[    0.173522] acpiphp: ACPI Hot Plug PCI Controller Driver version: 0.5
[    0.176146] PCI: Using configuration type 1 for base access
[    0.177480] PCI: Using configuration type 1 for extended access
[    0.180946] HugeTLB registered 2.00 MiB page size, pre-allocated 0 pages
[    0.184131] ACPI: Added _OSI(Module Device)
[    0.185219] ACPI: Added _OSI(Processor Device)
[    0.186073] ACPI: Added _OSI(3.0 _SCP Extensions)
[    0.186956] ACPI: Added _OSI(Processor Aggregator Device)
[    0.187834] ACPI: Added _OSI(Linux-Dell-Video)
[    0.188003] ACPI: Added _OSI(Linux-Lenovo-NV-HDMI-Audio)
[    0.188895] ACPI: Added _OSI(Linux-HPI-Hybrid-Graphics)
[    0.190025] ACPI: Executed 1 blocks of module-level executable AML code
[    0.193447] ACPI: Interpreter enabled
[    0.194175] ACPI: (supports S0 S5)
[    0.194919] ACPI: Using IOAPIC for interrupt routing
[    0.196256] PCI: Using host bridge windows from ACPI; if necessary, use "pci=nocrs" and report a bug
[    0.197725] ACPI: Enabled 2 GPEs in block 00 to 07
[    0.204443] ACPI: PCI Root Bridge [PCI0] (domain 0000 [bus 00-ff])
[    0.205752] acpi PNP0A03:00: _OSC: OS supports [ExtendedConfig ASPM ClockPM Segments MSI]
[    0.208436] acpi PNP0A03:00: _OSC: platform does not support [PCIeCapability]
[    0.210351] acpi PNP0A03:00: _OSC: not requesting control; platform does not support [PCIeCapability]
[    0.211905] acpi PNP0A03:00: _OSC: OS requested [PCIeHotplug PME AER PCIeCapability]
[    0.212007] acpi PNP0A03:00: _OSC: platform willing to grant [PCIeHotplug PME AER]
[    0.216007] acpi PNP0A03:00: _OSC failed (AE_SUPPORT); disabling ASPM
[    0.217852] PCI host bridge to bus 0000:00
[    0.220005] pci_bus 0000:00: root bus resource [io  0x0000-0x0cf7 window]
[    0.221121] pci_bus 0000:00: root bus resource [io  0x0d00-0xffff window]
[    0.222227] pci_bus 0000:00: root bus resource [mem 0x000a0000-0x000bffff window]
[    0.223394] pci_bus 0000:00: root bus resource [mem 0x40000000-0xfdffffff window]
[    0.224004] pci_bus 0000:00: root bus resource [bus 00-ff]
[    0.226605] pci 0000:00:01.1: legacy IDE quirk: reg 0x10: [io  0x01f0-0x01f7]
[    0.227793] pci 0000:00:01.1: legacy IDE quirk: reg 0x14: [io  0x03f6]
[    0.228003] pci 0000:00:01.1: legacy IDE quirk: reg 0x18: [io  0x0170-0x0177]
[    0.229082] pci 0000:00:01.1: legacy IDE quirk: reg 0x1c: [io  0x0376]
[    0.250958] pci 0000:00:07.0: quirk: [io  0x4000-0x403f] claimed by PIIX4 ACPI
[    0.252017] pci 0000:00:07.0: quirk: [io  0x4100-0x410f] claimed by PIIX4 SMB
[    0.274834] ACPI: PCI Interrupt Link [LNKA] (IRQs 5 9 10 *11)
[    0.276380] ACPI: PCI Interrupt Link [LNKB] (IRQs 5 9 *10 11)
[    0.277692] ACPI: PCI Interrupt Link [LNKC] (IRQs 5 *9 10 11)
[    0.279086] ACPI: PCI Interrupt Link [LNKD] (IRQs 5 9 10 *11)
[    0.280504] SCSI subsystem initialized
[    0.281365] pci 0000:00:02.0: vgaarb: setting as boot VGA device
[    0.281365] pci 0000:00:02.0: vgaarb: VGA device added: decodes=io+mem,owns=io+mem,locks=none
[    0.284018] pci 0000:00:02.0: vgaarb: bridge control possible
[    0.285065] vgaarb: loaded
[    0.285559] ACPI: bus type USB registered
[    0.286129] usbcore: registered new interface driver usbfs
[    0.287176] usbcore: registered new interface driver hub
[    0.288017] usbcore: registered new device driver usb
[    0.288808] EDAC MC: Ver: 3.0.0
[    0.288808] PCI: Using ACPI for IRQ routing
[    0.288977] NetLabel: Initializing
[    0.292003] NetLabel:  domain hash size = 128
[    0.292787] NetLabel:  protocols = UNLABELED CIPSOv4 CALIPSO
[    0.293829] NetLabel:  unlabeled traffic allowed by default
[    0.294817] clocksource: Switched to clocksource kvm-clock
[    0.319579] VFS: Disk quotas dquot_6.6.0
[    0.320354] VFS: Dquot-cache hash table entries: 512 (order 0, 4096 bytes)
[    0.321536] AppArmor: AppArmor Filesystem Enabled
[    0.322318] pnp: PnP ACPI init
[    0.323918] pnp: PnP ACPI: found 3 devices
[    0.335297] clocksource: acpi_pm: mask: 0xffffff max_cycles: 0xffffff, max_idle_ns: 2085701024 ns
[    0.337371] NET: Registered protocol family 2
[    0.341286] IP idents hash table entries: 16384 (order: 5, 131072 bytes)
[    0.344387] TCP established hash table entries: 8192 (order: 4, 65536 bytes)
[    0.346186] TCP bind hash table entries: 8192 (order: 5, 131072 bytes)
[    0.347601] TCP: Hash tables configured (established 8192 bind 8192)
[    0.349271] UDP hash table entries: 512 (order: 2, 16384 bytes)
[    0.350782] UDP-Lite hash table entries: 512 (order: 2, 16384 bytes)
[    0.352104] NET: Registered protocol family 1
[    0.352945] pci 0000:00:00.0: Limiting direct PCI/PCI transfers
[    0.354081] pci 0000:00:01.0: Activating ISA DMA hang workarounds
[    0.355321] pci 0000:00:02.0: Video device with shadowed ROM at [mem 0x000c0000-0x000dffff]
[    0.357107] Unpacking initramfs...
[    0.766850] Freeing initrd memory: 19532K
[    0.767845] clocksource: tsc: mask: 0xffffffffffffffff max_cycles: 0x1e36a685b69, max_idle_ns: 440795255641 ns
[    0.769494] platform rtc_cmos: registered platform RTC device (no PNP device found)
[    0.770710] Scanning for low memory corruption every 60 seconds
[    0.772232] Initialise system trusted keyrings
[    0.772977] Key type blacklist registered
[    0.773696] workingset: timestamp_bits=36 max_order=18 bucket_order=0
[    0.775449] zbud: loaded
[    0.776412] squashfs: version 4.0 (2009/01/31) Phillip Lougher
[    0.777531] fuse init (API version 7.26)
[    0.783450] Key type asymmetric registered
[    0.784278] Asymmetric key parser 'x509' registered
[    0.785189] Block layer SCSI generic (bsg) driver version 0.4 loaded (major 246)
[    0.786517] io scheduler noop registered
[    0.787186] io scheduler deadline registered
[    0.787928] io scheduler cfq registered (default)
[    0.789006] ACPI: AC Adapter [AC] (on-line)
[    0.789758] input: Power Button as /devices/LNXSYSTM:00/LNXPWRBN:00/input/input0
[    0.791101] ACPI: Power Button [PWRF]
[    0.791806] input: Sleep Button as /devices/LNXSYSTM:00/LNXSLPBN:00/input/input1
[    0.793021] ACPI: Sleep Button [SLPF]
[    0.793969] Serial: 8250/16550 driver, 32 ports, IRQ sharing enabled
[    0.794750] ACPI: Battery Slot [BAT0] (battery present)
[    0.816992] 00:02: ttyS0 at I/O 0x3f8 (irq =4, base_baud = 115200) is a 16550A
[    0.821474] Linux agpgart interface v0.103
[    0.829212] loop: module loaded
[    0.831268] scsi host0: ata_piix
[    0.833266] scsi host1: ata_piix
[    0.834408] ata1: PATA max UDMA/33 cmd 0x1f0 ctl 0x3f6 bmdma 0xd000 irq 14
[    0.835961] ata2: PATA max UDMA/33 cmd 0x170 ctl 0x376 bmdma 0xd008 irq 15
[    0.837839] tun: Universal TUN/TAP device driver, 1.6
[    0.838948] PPP generic driver version 2.4.2
[    0.840090] ehci_hcd: USB 2.0 'Enhanced' Host Controller (EHCI) Driver
[    0.841378] ehci-pci: EHCI PCI platform driver
[    0.842311] ehci-platform: EHCI generic platform driver
[    0.843287] ohci_hcd: USB 1.1 'Open' Host Controller (OHCI) Driver
[    0.844498] ohci-pci: OHCI PCI platform driver
[    0.845315] ohci-platform: OHCI generic platform driver
[    0.846486] uhci_hcd: USB Universal Host Controller Interface driver
[    0.848471] i8042: PNP: PS/2 Controller [PNP0303:PS2K,PNP0f03:PS2M] at 0x60,0x64 irq 1,12
[    0.851497] serio: i8042 KBD port at 0x60,0x64 irq 1
[    0.852594] serio: i8042 AUX port at 0x60,0x64 irq 12
[    0.853832] mousedev: PS/2 mouse device common for all mice
[    0.856106] input: AT Translated Set 2 keyboard as /devices/platform/i8042/serio0/input/input2
[    0.858850] rtc_cmos rtc_cmos: rtc core: registered rtc_cmos as rtc0
[    0.860223] rtc_cmos rtc_cmos: alarms up to one day, 114 bytes nvram
[    0.861550] i2c /dev entries driver
[    0.862429] device-mapper: uevent: version 1.0.3
[    0.863460] device-mapper: ioctl: 4.37.0-ioctl (2017-09-20) initialised: dm-devel@redhat.com
[    0.864973] ledtrig-cpu: registered to indicate activity on CPUs
[    0.866495] NET: Registered protocol family 10
[    0.871885] Segment Routing with IPv6
[    0.873131] NET: Registered protocol family 17
[    0.874316] Key type dns_resolver registered
[    0.875216] mce: Using 0 MCE banks
[    0.875810] RAS: Correctable Errors collector initialized.
[    0.876747] sched_clock: Marking stable (876708287, 0)->(1058436028, -181727741)
[    0.879106] registered taskstats version 1
[    0.880224] Loading compiled-in X.509 certificates
[    0.883346] Loaded X.509 cert 'Build time autogenerated kernel key: 449f52b446813ee48ad446aa51a5377584e80c28'
[    0.885554] Loaded X.509 cert 'Canonical Ltd. Live Patch Signing: 14df34d1a87cf37625abec039ef2bf521249b969'
[    0.887539] Loaded X.509 cert 'Canonical Ltd. Kernel Module Signing: 88f752e560a1e0737e31163a466ad7b70a850c19'
[    0.889099] blacklist: Loading compiled-in revocation X.509 certificates
[    0.890139] Loaded X.509 cert 'Canonical Ltd. Secure Boot Signing: 61482aa2830d0ab2ad5af10b7250da9033ddcef0'
[    0.891641] Loaded X.509 cert 'Canonical Ltd. Secure Boot Signing (2017): 242ade75ac4a15e50d50c84b0d45ff3eae707a03'
[    0.893255] Loaded X.509 cert 'Canonical Ltd. Secure Boot Signing (ESM 2018): 365188c1d374d6b07c3c8f240f8ef722433d6a8b'
[    0.896512] Loaded X.509 cert 'Canonical Ltd. Secure Boot Signing (2019): c0746fd6c5da3ae827864651ad66ae47fe24b3e8'
[    0.898685] Loaded X.509 cert 'Canonical Ltd. Secure Boot Signing (2021 v1): a8d54bbb3825cfb94fa13c9f8a594a195c107b8d'
[    0.900473] Loaded X.509 cert 'Canonical Ltd. Secure Boot Signing (2021 v2): 4cf046892d6fd3c9a5b03f98d845f90851dc6a8c'
[    0.902082] Loaded X.509 cert 'Canonical Ltd. Secure Boot Signing (2021 v3): 100437bb6de6e469b581e61cd66bce3ef4ed53af'
[    0.903685] Loaded X.509 cert 'Canonical Ltd. Secure Boot Signing (Ubuntu Core 2019): c1d57b8f6b743f23ee41f4f7ee292f06eecadfb9'
[    0.905449] zswap: loaded using pool lzo/zbud
[    0.909064] Key type big_key registered
[    0.910452] Key type trusted registered
[    0.914004] Key type encrypted registered
[    0.915485] AppArmor: AppArmor sha1 policy hashing enabled
[    0.916603] ima: No TPM chip found, activating TPM-bypass! (rc=-19)
[    0.917561] ima: Allocated hash algorithm: sha1
[    0.918292] evm: HMAC attrs: 0x1
[    0.919125]   Magic number: 15:417:493
[    0.919864] rtc_cmos rtc_cmos: setting system clock to 2023-03-08 18:29:14 UTC (1678300154)
[    0.921507] BIOS EDD facility v0.16 2004-Jun-25, 0 devices found
[    0.923154] EDD information not available.
[    1.022562] Freeing unused kernel image memory: 2480K
[    1.176501] Write protecting the kernel read-only data: 20480k
[    1.179475] Freeing unused kernel image memory: 2008K
[    1.181608] Freeing unused kernel image memory: 1820K
[    1.197847] x86/mm: Checked W+X mappings: passed, no W+X pages found.
Loading, please wait...
starting version 237
[    1.268327] Fusion MPT base driver 3.04.20
[    1.269208] Copyright (c) 1999-2008 LSI Corporation
[    1.270314] e1000: Intel(R) PRO/1000 Network Driver - version 7.3.21-k8-NAPI
[    1.271479] e1000: Copyright (c) 1999-2006 Intel Corporation.
[    1.275485] Fusion MPT SPI Host driver 3.04.20
[    1.313854] AVX2 version of gcm_enc/dec engaged.
[    1.314810] AES CTR mode by8 optimization enabled
[    1.485587] input: ImExPS/2 Generic Explorer Mouse as /devices/platform/i8042/serio1/input/input4
[    1.645044] e1000 0000:00:03.0 eth0: (PCI:33MHz:32-bit) 02:4f:75:14:cc:00
[    1.646222] e1000 0000:00:03.0 eth0: Intel(R) PRO/1000 Network Connection
[    1.648351] mptbase: ioc0: Initiating bringup
[    1.745319] ioc0: LSI53C1030 A0: Capabilities={Initiator}
[    3.653943] scsi host2: ioc0: LSI53C1030 A0, FwRev=00000000h, Ports=1, MaxQ=256, IRQ=20
[    3.820934] scsi 2:0:0:0: Direct-Access     VBOX     HARDDISK         1.0  PQ: 0 ANSI: 5
[    3.852378] scsi target2:0:0: Beginning Domain Validation
[    3.855853] scsi target2:0:0: Domain Validation skipping write tests
[    3.857340] scsi target2:0:0: Ending Domain Validation
[    3.858646] scsi target2:0:0: asynchronous
[    3.860218] scsi 2:0:1:0: Direct-Access     VBOX     HARDDISK         1.0  PQ: 0 ANSI: 5
[    4.172230] scsi target2:0:1: Beginning Domain Validation
[    4.174216] scsi target2:0:1: Domain Validation skipping write tests
[    4.175474] scsi target2:0:1: Ending Domain Validation
[    4.176516] scsi target2:0:1: asynchronous
[    4.182016] sd 2:0:0:0: Attached scsi generic sg0 type 0
[    4.182039] sd 2:0:0:0: [sda] 83886080 512-byte logical blocks: (42.9 GB/40.0 GiB)
[    4.183613] sd 2:0:1:0: [sdb] 20480 512-byte logical blocks: (10.5 MB/10.0 MiB)
[    4.185148] sd 2:0:0:0: [sda] Write Protect is off
[    4.186420] sd 2:0:1:0: [sdb] Write Protect is off
[    4.188664] sd 2:0:1:0: Attached scsi generic sg1 type 0
[    4.188732] sd 2:0:1:0: [sdb] Incomplete mode parameter data
[    4.196418] sd 2:0:1:0: [sdb] Assuming drive cache: write through
[    4.198171] sd 2:0:0:0: [sda] Incomplete mode parameter data
[    4.199804] sd 2:0:0:0: [sda] Assuming drive cache: write through
[    4.210353] e1000 0000:00:08.0 eth1: (PCI:33MHz:32-bit) 08:00:27:d2:f2:76
[    4.211621] e1000 0000:00:08.0 eth1: Intel(R) PRO/1000 Network Connection
[    4.221116]  sda: sda1
[    4.222562] sd 2:0:0:0: [sda] Attached SCSI disk
[    4.224328] sd 2:0:1:0: [sdb] Attached SCSI disk
[    4.582274] e1000 0000:00:09.0 eth2: (PCI:33MHz:32-bit) 08:00:27:b0:14:8f
[    4.583512] e1000 0000:00:09.0 eth2: Intel(R) PRO/1000 Network Connection
[    4.585818] e1000 0000:00:08.0 enp0s8: renamed from eth1
[    4.628508] e1000 0000:00:09.0 enp0s9: renamed from eth2
[    4.654377] e1000 0000:00:03.0 enp0s3: renamed from eth0
Begin: Loading essential drivers ... [    6.135609] raid6: sse2x1   gen()  7713 MB/s
[    6.216553] raid6: sse2x1   xor() 10123 MB/s
[    6.280632] raid6: sse2x2   gen() 15645 MB/s
[    6.344661] raid6: sse2x2   xor()  9996 MB/s
[    6.441847] raid6: sse2x4   gen() 22608 MB/s
[    6.506529] raid6: sse2x4   xor()  9448 MB/s
[    6.570565] raid6: avx2x1   gen() 16444 MB/s
[    6.634612] raid6: avx2x1   xor() 12554 MB/s
[    6.698643] raid6: avx2x2   gen() 21727 MB/s
[    6.763213] raid6: avx2x2   xor() 13963 MB/s
[    6.827705] raid6: avx2x4   gen() 24518 MB/s
[    6.892369] raid6: avx2x4   xor() 12889 MB/s
[    6.893272] raid6: using algorithm avx2x4 gen() 24518 MB/s
[    6.894247] raid6: .... xor() 12889 MB/s, rmw enabled
[    6.894975] raid6: using avx2x2 recovery algorithm
[    6.897400] xor: automatically using best checksumming function   avx       
[    6.899759] async_tx: api initialized (async)
done.
Begin: Running /scripts/init-premount ... done.
Begin: Mounting root file system ... Begin: Running /scripts/local-top ... done.
Begin: Running /scripts/local-premount ... [    6.945603] Btrfs loaded, crc32c=crc32c-intel
Scanning for Btrfs filesystems
done.
Warning: fsck not present, so skipping root file system
[    6.992954] EXT4-fs (sda1): mounted filesystem with ordered data mode. Opts: (null)
done.
Begin: Running /scripts/local-bottom ... done.
Begin: Running /scripts/init-bottom ... done.
[    7.174827] ip_tables: (C) 2000-2006 Netfilter Core Team
[    7.187120] systemd[1]: systemd 237 running in system mode. (+PAM +AUDIT +SELINUX +IMA +APPARMOR +SMACK +SYSVINIT +UTMP +LIBCRYPTSETUP +GCRYPT +GNUTLS +ACL +XZ +LZ4 +SECCOMP +BLKID +ELFUTILS +KMOD -IDN2 +IDN -PCRE2 default-hierarchy=hybrid)
[    7.191205] systemd[1]: Detected virtualization oracle.
[    7.192261] systemd[1]: Detected architecture x86-64.

Welcome to [1mUbuntu 18.04.6 LTS[0m!

[    7.199786] systemd[1]: Set hostname to <ubuntu>.
[    7.203951] systemd[1]: Initializing machine ID from random generator.
[    7.205540] systemd[1]: Installed transient /etc/machine-id file.
[    7.473199] systemd[1]: Set up automount Arbitrary Executable File Formats File System Automount Point.
[[0;32m  OK  [0m] Set up automount Arbitrary Executab…rmats File System Automount Point.
[    7.476185] systemd[1]: Reached target User and Group Name Lookups.
[[0;32m  OK  [0m] Reached target User and Group Name Lookups.
[    7.479144] systemd[1]: Reached target Mounting snaps.
[[0;32m  OK  [0m] Reached target Mounting snaps.
[    7.492541] systemd[1]: Reached target Mounted snaps.
[[0;32m  OK  [0m] Reached target Mounted snaps.
[[0;32m  OK  [0m] Created slice User and Session Slice.
[[0;32m  OK  [0m] Reached target System Time Synchronized.
[[0;32m  OK  [0m] Started Forward Password Requests to Wall Directory Watch.
[[0;32m  OK  [0m] Created slice System Slice.
[[0;32m  OK  [0m] Listening on Syslog Socket.
[[0;32m  OK  [0m] Listening on Journal Socket (/dev/log).
[[0;32m  OK  [0m] Listening on LVM2 poll daemon socket.
[[0;32m  OK  [0m] Created slice system-serial\x2dgetty.slice.
[[0;32m  OK  [0m] Listening on fsck to fsckd communication Socket.
[[0;32m  OK  [0m] Reached target Slices.
[[0;32m  OK  [0m] Listening on /dev/initctl Compatibility Named Pipe.
[[0;32m  OK  [0m] Listening on Journal Audit Socket.
[[0;32m  OK  [0m] Listening on udev Control Socket.
[[0;32m  OK  [0m] Listening on udev Kernel Socket.
[[0;32m  OK  [0m] Listening on Network Service Netlink Socket.
[[0;32m  OK  [0m] Listening on Journal Socket.
         Mounting Huge Pages File System...
         Starting File System Check on Root Device...
         Starting Uncomplicated firewall...
         Starting Create list of required st…ce nodes for the current kernel...
         Starting Load Kernel Modules...
         Mounting Kernel Debug File System...
[    7.819193] Loading iSCSI transport class v2.0-870.
[    7.826058] iscsi: registered transport (tcp)
         Starting udev Coldplug all Devices...
         Starting Journal Service...
[[0;32m  OK  [0m] Listening on Device-mapper event daemon FIFOs.
         Mounting POSIX Message Queue File System...
[[0;32m  OK  [0m] Listening on LVM2 metadata daemon socket.
         Starting Monitoring of LVM2 mirrors…ng dmeventd or progress polling...
[    7.877844] iscsi: registered transport (iser)
[[0;32m  OK  [0m] Reached target Swap.
         Starting Set the console keyboard layout...
[[0;32m  OK  [0m] Mounted Huge Pages File System.
[[0;32m  OK  [0m] Started File System Check on Root Device.
[[0;32m  OK  [0m] Started Uncomplicated firewall.
[[0;32m  OK  [0m] Started Create list of required sta…vice nodes for the current kernel.
[[0;32m  OK  [0m] Started Load Kernel Modules.
[[0;32m  OK  [0m] Mounted Kernel Debug File System.
[[0;32m  OK  [0m] Mounted POSIX Message Queue File System.
[[0;32m  OK  [0m] Started File System Check Daemon to report status.
         Mounting Kernel Configuration File System...
         Starting Apply Kernel Variables...
         Mounting FUSE Control File System...
         Starting Create Static Device Nodes in /dev...
         Starting Remount Root and Kernel File Systems...
[[0;32m  OK  [0m] Mounted Kernel Configuration File System.
[[0;32m  OK  [0m] Mounted FUSE Control File System.
[[0;32m  OK  [0m] Started udev Coldplug all Devices.
[[0;32m  OK  [0m] Started Journal Service.
[[0;32m  OK  [0m] Started LVM2 metadata daemon.
[[0;32m  OK  [0m] Started Create Static Device Nodes in /dev.
[[0;32m  OK  [0m] Started Apply Kernel Variables.
[[0;32m  OK  [0m] Started Remount Root and Kernel File Systems.
         Starting Load/Save Random Seed...
         Starting udev Kernel Device Manager...
         Starting Flush Journal to Persistent Storage...
[[0;32m  OK  [0m] Started Monitoring of LVM2 mirrors,…sing dmeventd or progress polling.
[[0;32m  OK  [0m] Started Load/Save Random Seed.
[[0;32m  OK  [0m] Started udev Kernel Device Manager.
[[0;32m  OK  [0m] Started Flush Journal to Persistent Storage.
[[0;32m  OK  [0m] Found device /dev/ttyS0.
[[0;32m  OK  [0m] Listening on Load/Save RF Kill Switch Status /dev/rfkill Watch.
         Mounting Arbitrary Executable File Formats File System...
[[0;32m  OK  [0m] Mounted Arbitrary Executable File Formats File System.
[[0;32m  OK  [0m] Started Set the console keyboard layout.
[[0;32m  OK  [0m] Reached target Local File Systems (Pre).
[[0;32m  OK  [0m] Reached target Local File Systems.
         Starting Create Volatile Files and Directories...
         Starting Tell Plymouth To Write Out Runtime Data...
         Starting Commit a transient machine-id on disk...
         Starting ebtables ruleset management...
         Starting AppArmor initialization...
         Starting Set console font and keymap...
[[0;32m  OK  [0m] Started Dispatch Password Requests to Console Directory Watch.
[[0;32m  OK  [0m] Reached target Local Encrypted Volumes.
[[0;32m  OK  [0m] Started Tell Plymouth To Write Out Runtime Data.
[[0;32m  OK  [0m] Started Create Volatile Files and Directories.
         Starting Update UTMP about System Boot/Shutdown...
[[0;32m  OK  [0m] Started Update UTMP about System Boot/Shutdown.
[[0;32m  OK  [0m] Started Commit a transient machine-id on disk.
[[0;32m  OK  [0m] Started ebtables ruleset management.
[[0;32m  OK  [0m] Started Set console font and keymap.
[[0;32m  OK  [0m] Started AppArmor initialization.
         Starting Initial cloud-init job (pre-networking)...
         Starting Load AppArmor profiles managed internally by snapd...
[[0;32m  OK  [0m] Started Load AppArmor profiles managed internally by snapd.
[   11.682377] cloud-init[795]: Cloud-init v. 22.4.2-0ubuntu0~18.04.1 running 'init-local' at Wed, 08 Mar 2023 18:29:24 +0000. Up 11.31 seconds.
[[0;32m  OK  [0m] Started Initial cloud-init job (pre-networking).
[[0;32m  OK  [0m] Reached target Network (Pre).
         Starting Network Service...
[[0;32m  OK  [0m] Started Network Service.
         Starting Network Name Resolution...
         Starting Wait for Network to be Configured...
[[0;32m  OK  [0m] Started Network Name Resolution.
[[0;32m  OK  [0m] Reached target Network.
[[0;32m  OK  [0m] Reached target Host and Network Name Lookups.
[[0;32m  OK  [0m] Started Wait for Network to be Configured.
         Starting Initial cloud-init job (metadata service crawler)...
[   14.110074] cloud-init[932]: Cloud-init v. 22.4.2-0ubuntu0~18.04.1 running 'init' at Wed, 08 Mar 2023 18:29:27 +0000. Up 13.92 seconds.
[   14.113183] cloud-init[932]: ci-info: ++++++++++++++++++++++++++++++++++++++Net device info+++++++++++++++++++++++++++++++++++++++
[   14.115561] cloud-init[932]: ci-info: +--------+-------+----------------------------+---------------+--------+-------------------+
[   14.116956] cloud-init[932]: ci-info: | Device |   Up  |          Address           |      Mask     | Scope  |     Hw-Address    |
[   14.118288] cloud-init[932]: ci-info: +--------+-------+----------------------------+---------------+--------+-------------------+
[   14.130780] cloud-init[932]: ci-info: | enp0s3 |  True |         10.0.2.15          | 255.255.255.0 | global | 02:4f:75:14:cc:00 |
[   14.132700] cloud-init[932]: ci-info: | enp0s3 |  True | fe80::4f:75ff:fe14:cc00/64 |       .       |  link  | 02:4f:75:14:cc:00 |
[   14.134216] cloud-init[932]: ci-info: | enp0s8 | False |             .              |       .       |   .    | 08:00:27:d2:f2:76 |
[   14.135689] cloud-init[932]: ci-info: | enp0s9 | False |             .              |       .       |   .    | 08:00:27:b0:14:8f |
[   14.137679] cloud-init[932]: ci-info: |   lo   |  True |         127.0.0.1          |   255.0.0.0   |  host  |         .         |
[   14.139074] cloud-init[932]: ci-info: |   lo   |  True |          ::1/128           |       .       |  host  |         .         |
[   14.141089] cloud-init[932]: ci-info: +--------+-------+----------------------------+---------------+--------+-------------------+
[   14.142842] cloud-init[932]: ci-info: ++++++++++++++++++++++++++++Route IPv4 info+++++++++++++++++++++++++++++
[   14.144664] cloud-init[932]: ci-info: +-------+-------------+----------+-----------------+-----------+-------+
[   14.146467] cloud-init[932]: ci-info: | Route | Destination | Gateway  |     Genmask     | Interface | Flags |
[   14.147994] cloud-init[932]: ci-info: +-------+-------------+----------+-----------------+-----------+-------+
[   14.149828] cloud-init[932]: ci-info: |   0   |   0.0.0.0   | 10.0.2.2 |     0.0.0.0     |   enp0s3  |   UG  |
[   14.151472] cloud-init[932]: ci-info: |   1   |   10.0.2.0  | 0.0.0.0  |  255.255.255.0  |   enp0s3  |   U   |
[   14.152959] cloud-init[932]: ci-info: |   2   |   10.0.2.2  | 0.0.0.0  | 255.255.255.255 |   enp0s3  |   UH  |
[   14.154700] cloud-init[932]: ci-info: +-------+-------------+----------+-----------------+-----------+-------+
[   14.156355] cloud-init[932]: ci-info: +++++++++++++++++++Route IPv6 info+++++++++++++++++++
[   14.157317] cloud-init[932]: ci-info: +-------+-------------+---------+-----------+-------+
[   14.159433] cloud-init[932]: ci-info: | Route | Destination | Gateway | Interface | Flags |
[   14.160555] cloud-init[932]: ci-info: +-------+-------------+---------+-----------+-------+
[   14.161607] cloud-init[932]: ci-info: |   1   |  fe80::/64  |    ::   |   enp0s3  |   U   |
[   14.163513] cloud-init[932]: ci-info: |   3   |    local    |    ::   |   enp0s3  |   U   |
[   14.165158] cloud-init[932]: ci-info: |   4   |   ff00::/8  |    ::   |   enp0s3  |   U   |
[   14.166706] cloud-init[932]: ci-info: +-------+-------------+---------+-----------+-------+
[   15.667737] cloud-init[932]: Generating public/private rsa key pair.
[   15.668659] cloud-init[932]: Your identification has been saved in /etc/ssh/ssh_host_rsa_key.
[   15.669905] cloud-init[932]: Your public key has been saved in /etc/ssh/ssh_host_rsa_key.pub.
[   15.670767] cloud-init[932]: The key fingerprint is:
[   15.671500] cloud-init[932]: SHA256:FU6Lo6CaMyvFw+7zKUWPZ2p4+G4WnRCs4VIFs5XeJIs root@ubuntu-bionic
[   15.672923] cloud-init[932]: The key's randomart image is:
[   15.675735] cloud-init[932]: +---[RSA 2048]----+
[   15.677651] cloud-init[932]: |  o+o.    o      |
[   15.679339] cloud-init[932]: |  o+= .  + o     |
[   15.680860] cloud-init[932]: | o.=.*  o +      |
[   15.682040] cloud-init[932]: |. E.=... o       |
[   15.683109] cloud-init[932]: | +.. =..S        |
[   15.684369] cloud-init[932]: | o= + *          |
[   15.685439] cloud-init[932]: |=o = =           |
[   15.686552] cloud-init[932]: |.+* *.           |
[   15.687807] cloud-init[932]: |o..@=            |
[   15.689152] cloud-init[932]: +----[SHA256]-----+
[   15.690712] cloud-init[932]: Generating public/private dsa key pair.
[   15.693677] cloud-init[932]: Your identification has been saved in /etc/ssh/ssh_host_dsa_key.
[   15.696237] cloud-init[932]: Your public key has been saved in /etc/ssh/ssh_host_dsa_key.pub.
[   15.700316] cloud-init[932]: The key fingerprint is:
[   15.701490] cloud-init[932]: SHA256:xwWWtEb/SmGykDaejK9nfLbOIefuvCQ5LQcdmdQpJXc root@ubuntu-bionic
[   15.703095] cloud-init[932]: The key's randomart image is:
[   15.704460] cloud-init[932]: +---[DSA 1024]----+
[   15.705693] cloud-init[932]: |         .B+o.E  |
[   15.706849] cloud-init[932]: |         =oOo.   |
[   15.707718] cloud-init[932]: |        = B.=    |
[   15.709040] cloud-init[932]: |       = B * o   |
[   15.710246] cloud-init[932]: |      . S = . .  |
[   15.712017] cloud-init[932]: |       . = . .   |
[   15.715390] cloud-init[932]: |       .B * .    |
[   15.717317] cloud-init[932]: |       .+%o.     |
[   15.720664] cloud-init[932]: |      .o *Xo     |
[   15.721575] cloud-init[932]: +----[SHA256]-----+
[   15.722703] cloud-init[932]: Generating public/private ecdsa key pair.
[   15.724212] cloud-init[932]: Your identification has been saved in /etc/ssh/ssh_host_ecdsa_key.
[   15.725510] cloud-init[932]: Your public key has been saved in /etc/ssh/ssh_host_ecdsa_key.pub.
[   15.726531] cloud-init[932]: The key fingerprint is:
[   15.727209] cloud-init[932]: SHA256:R6Q6Rqp1bDbfMt+2QssTj80Stfc+fPF5n9YJdsVqjsQ root@ubuntu-bionic
[   15.728458] cloud-init[932]: The key's randomart image is:
[   15.729450] cloud-init[932]: +---[ECDSA 256]---+
[   15.730024] cloud-init[932]: |          .      |
[   15.730695] cloud-init[932]: |         o       |
[   15.731394] cloud-init[932]: |      . . .    . |
[   15.732135] cloud-init[932]: |     + . .  .   o|
[   15.733494] cloud-init[932]: |    o X S .o . ..|
[   15.734848] cloud-init[932]: |   o = + o+ Eo+o |
[   15.735891] cloud-init[932]: |  .     +o.X.=+.*|
[   15.737131] cloud-init[932]: |         +B.* .*B|
[   15.738436] cloud-init[932]: |          .=o..oB|
[   15.739687] cloud-init[932]: +----[SHA256]-----+
[   15.740972] cloud-init[932]: Generating public/private ed25519 key pair.
[   15.742360] cloud-init[932]: Your identification has been saved in /etc/ssh/ssh_host_ed25519_key.
[   15.744089] cloud-init[932]: Your public key has been saved in /etc/ssh/ssh_host_ed25519_key.pub.
[   15.750601] cloud-init[932]: The key fingerprint is:
[   15.752244] cloud-init[932]: SHA256:EfC/xWgwUj/lpew5TrAM1yVMnqXT2BTq7iu2qEC1wC4 root@ubuntu-bionic
[   15.754305] cloud-init[932]: The key's randomart image is:
[   15.755920] cloud-init[932]: +--[ED25519 256]--+
[   15.757277] cloud-init[932]: |      ..o  o+ *. |
[   15.758892] cloud-init[932]: |   .   o o *.#   |
[   15.759593] cloud-init[932]: |    o o * = % o  |
[   15.760263] cloud-init[932]: |   . o o O O o   |
[   15.760914] cloud-init[932]: |  E o . S * O    |
[   15.761627] cloud-init[932]: |   o     . * .   |
[[0;32m  OK  [0m[   15.772932] cloud-init[932]: |    .     . o    |
[   15.773252] cloud-init[932]: |     .   .o.     |
[   15.773933] cloud-init[932]: |      .....oo.   |
[   15.774688] cloud-init[932]: +----[SHA256]-----+
] Started Initial cloud-init job (metadata service crawler).
[[0;32m  OK  [0m] Reached target System Initialization.
[[0;32m  OK  [0m] Listening on Open-iSCSI iscsid Socket.
[[0;32m  OK  [0m] Listening on UUID daemon activation socket.
[[0;32m  OK  [0m] Started ACPI Events Check.
[[0;32m  OK  [0m] Reached target Paths.
[[0;32m  OK  [0m] Started Daily Cleanup of Temporary Directories.
[[0;32m  OK  [0m] Started Message of the Day.
[[0;32m  OK  [0m] Started Daily apt download activities.
[[0;32m  OK  [0m] Listening on ACPID Listen Socket.
         Starting Socket activation for snappy daemon.
         Starting LXD - unix socket.
[[0;32m  OK  [0m] Listening on cloud-init hotplug hook socket.
[[0;32m  OK  [0m] Started Daily apt upgrade and clean activities.
[[0;32m  OK  [0m] Listening on D-Bus System Message Bus Socket.
[[0;32m  OK  [0m] Started Ubuntu Advantage Timer for running repeated jobs.
[[0;32m  OK  [0m] Started Discard unused blocks once a week.
[[0;32m  OK  [0m] Reached target Timers.
[[0;32m  OK  [0m] Reached target Network is Online.
         Starting Availability of block devices...
[[0;32m  OK  [0m] Reached target Remote File Systems (Pre).
[[0;32m  OK  [0m] Reached target Remote File Systems.
[[0;32m  OK  [0m] Reached target Cloud-config availability.
[[0;32m  OK  [0m] Listening on Socket activation for snappy daemon.
[[0;32m  OK  [0m] Listening on LXD - unix socket.
[[0;32m  OK  [0m] Started Availability of block devices.
[[0;32m  OK  [0m] Reached target Sockets.
[[0;32m  OK  [0m] Reached target Basic System.
         Starting LXD - container startup/shutdown...
[[0;32m  OK  [0m] Started irqbalance daemon.
[[0;32m  OK  [0m] Started Deferred execution scheduler.
[[0;32m  OK  [0m] Started FUSE filesystem for LXC.
         Starting Snap Daemon...
[[0;32m  OK  [0m] Reached target Login Prompts (Pre).
[[0;32m  OK  [0m] Started D-Bus System Message Bus.
         Starting System Logging Service...
         Starting Accounts Service...
         Starting Virtualbox guest utils...
         Starting Dispatcher daemon for systemd-networkd...
         Starting Login Service...
         Starting Pollinate to seed the pseudo random number generator...
         Starting LSB: automatic crash report generation...
         Starting LSB: Record successful boot for GRUB...
         Starting Permit User Sessions...
[[0;32m  OK  [0m] Started Regular background program processing daemon.
[[0;32m  OK  [0m] Started System Logging Service.
[[0;32m  OK  [0m] Started LXD - container startup/shutdown.
[[0;32m  OK  [0m] Started Permit User Sessions.
[[0;32m  OK  [0m] Started Login Service.
[[0;32m  OK  [0m] Started Unattended Upgrades Shutdown.
         Starting Terminate Plymouth Boot Screen...
         Starting Hold until boot process finishes up...
         Starting Authorization Manager...
[[0;32m  OK  [0m] Started Hold until boot process finishes up.
[[0;32m  OK  [0m] Started Serial Getty on ttyS0.
         Starting Set console scheme...
[[0;32m  OK  [0m] Started Terminate Plymouth Boot Screen.
[[0;32m  OK  [0m] Started Authorization Manager.
[[0;32m  OK  [0m] Started Accounts Service.
[[0;32m  OK  [0m] Started LSB: automatic crash report generation.
[[0;32m  OK  [0m] Started Set console scheme.
[[0;32m  OK  [0m] Created slice system-getty.slice.
[[0;32m  OK  [0m] Started Getty on tty1.
[[0;32m  OK  [0m] Reached target Login Prompts.
[[0;32m  OK  [0m] Started LSB: Record successful boot for GRUB.
[[0;32m  OK  [0m] Started Virtualbox guest utils.
[[0;32m  OK  [0m] Started Dispatcher daemon for systemd-networkd.
[[0;32m  OK  [0m] Started Snap Daemon.
         Starting Wait until snapd is fully seeded...
         Starting Time & Date Service...
[[0;32m  OK  [0m] Started Time & Date Service.
[[0;32m  OK  [0m] Started Pollinate to seed the pseudo random number generator.
         Starting OpenBSD Secure Shell server...
[[0;32m  OK  [0m] Started OpenBSD Secure Shell server.
[[0;32m  OK  [0m] Created slice User Slice of vagrant.
         Starting User Manager for UID 1000...
[[0;32m  OK  [0m] Started Session 1 of user vagrant.
[[0;32m  OK  [0m] Started User Manager for UID 1000.
[[0;32m  OK  [0m] Started Wait until snapd is fully seeded.
         Starting Apply the settings specified in cloud-config...

Ubuntu 18.04.6 LTS ubuntu-bionic ttyS0

ubuntu-bionic login: [   22.810598] cloud-init[1608]: Cloud-init v. 22.4.2-0ubuntu0~18.04.1 running 'modules:config' at Wed, 08 Mar 2023 18:29:35 +0000. Up 22.22 seconds.
ci-info: no authorized SSH keys fingerprints found for user ubuntu.
<14>Mar  8 18:29:37 cloud-init: #############################################################
<14>Mar  8 18:29:37 cloud-init: -----BEGIN SSH HOST KEY FINGERPRINTS-----
<14>Mar  8 18:29:37 cloud-init: 1024 SHA256:xwWWtEb/SmGykDaejK9nfLbOIefuvCQ5LQcdmdQpJXc root@ubuntu-bionic (DSA)
<14>Mar  8 18:29:37 cloud-init: 256 SHA256:R6Q6Rqp1bDbfMt+2QssTj80Stfc+fPF5n9YJdsVqjsQ root@ubuntu-bionic (ECDSA)
<14>Mar  8 18:29:37 cloud-init: 256 SHA256:EfC/xWgwUj/lpew5TrAM1yVMnqXT2BTq7iu2qEC1wC4 root@ubuntu-bionic (ED25519)
<14>Mar  8 18:29:37 cloud-init: 2048 SHA256:FU6Lo6CaMyvFw+7zKUWPZ2p4+G4WnRCs4VIFs5XeJIs root@ubuntu-bionic (RSA)
<14>Mar  8 18:29:37 cloud-init: -----END SSH HOST KEY FINGERPRINTS-----
<14>Mar  8 18:29:37 cloud-init: #############################################################
-----BEGIN SSH HOST KEY KEYS-----
ecdsa-sha2-nistp256 AAAAE2VjZHNhLXNoYTItbmlzdHAyNTYAAAAIbmlzdHAyNTYAAABBBL68bRjFs4cFAQp9kWp4p6TmX3Ce7teYgQ0cNzw+HrVXW4+zfIKKidPyH9Nh5iIZ8MaHM12l85fFvta/QTkMdhs= root@ubuntu-bionic
ssh-ed25519 AAAAC3NzaC1lZDI1NTE5AAAAICIT3qfWbqM3wV6zedjV56m7hrz1lyXWLGDaEXrkhEfm root@ubuntu-bionic
ssh-rsa AAAAB3NzaC1yc2EAAAADAQABAAABAQDYA0SVbPBBpsvAH4auqjUsDdiOcNru4vI1bwvRzKEz9YPNzTMqUj+aeJca4EKm6fHT254hlEsFvy2cNWGKYq5/959D3c+QtMXqB0iWWxutGHbnvF8gklPHh8NuJre1cbOXz0MNCn9K0uAYo9ZZQJhgwvLrk58yGzLxn6reRGMiVqciEfXqvKVFOvRVu4sPZ8x7QcmVv23NSJzrFDnsNHKQjHx/oaG+yMlG//IbASt7ZO/+f0eWrtMo5Z0wnMNq909mlpDviPVEEMAhmVQgqEiHrws1FLb/6mYTP7An7XbDam7JCJ2tC2+i/58xEt37Xfime4G2OIuQRPsiNGRLRpnb root@ubuntu-bionic
-----END SSH HOST KEY KEYS-----
[   23.772878] cloud-init[1767]: Cloud-init v. 22.4.2-0ubuntu0~18.04.1 running 'modules:final' at Wed, 08 Mar 2023 18:29:37 +0000. Up 23.51 seconds.
[   23.773078] cloud-init[1767]: Cloud-init v. 22.4.2-0ubuntu0~18.04.1 finished at Wed, 08 Mar 2023 18:29:37 +0000. Datasource DataSourceNoCloud [seed=/dev/sdb][dsmode=net].  Up 23.76 seconds
[[0;32m  OK  [0m] Closed Load/Save RF Kill Switch Status /dev/rfkill Watch.
[[0;32m  OK  [0m] Stopped target Cloud-init target.
         Stopping Authorization Manager...
         Stopping User Manager for UID 1000...
         Stopping Availability of block devices...
         Stopping Session 9 of user vagrant.
[[0;32m  OK  [0m] Stopped target Graphical Interface.
         Stopping Accounts Service...
[[0;32m  OK  [0m] Stopped target Timers.
[[0;32m  OK  [0m] Stopped Daily apt upgrade and clean activities.
[[0;32m  OK  [0m] Stopped Clean PHP session files every 30 mins.
[[0;32m  OK  [0m] Stopped Message of the Day.
[[0;32m  OK  [0m] Stopped Daily apt download activities.
[[0;32m  OK  [0m] Stopped Ubuntu Advantage Timer for running repeated jobs.
[[0;32m  OK  [0m] Stopped Execute cloud user/final scripts.
[[0;32m  OK  [0m] Stopped target Multi-User System.
         Stopping FUSE filesystem for LXC...
         Stopping Regular background program processing daemon...
         Stopping LSB: Record successful boot for GRUB...
         Stopping The Apache HTTP Server...
         Stopping Virtualbox guest utils...
         Stopping MySQL Community Server...
         Stopping LXD - container startup/shutdown...
[[0;32m  OK  [0m] Stopped target Login Prompts.
         Stopping Getty on tty1...
         Stopping Serial Getty on ttyS0...
         Stopping OpenBSD Secure Shell server...
         Stopping D-Bus System Message Bus...
         Stopping Dispatcher daemon for systemd-networkd...
         Stopping System Logging Service...
         Stopping Deferred execution scheduler...
         Stopping irqbalance daemon...
[[0;32m  OK  [0m] Stopped Apply the settings specified in cloud-config.
[[0;32m  OK  [0m] Stopped Wait until snapd is fully seeded.
[[0;32m  OK  [0m] Stopped Discard unused blocks once a week.
[[0;32m  OK  [0m] Stopped target System Time Synchronized.
[[0;32m  OK  [0m] Stopped target Cloud-config availability.
         Stopping LSB: automatic crash report generation...
[[0;32m  OK  [0m] Stopped Daily Cleanup of Temporary Directories.
[[0;32m  OK  [0m] Unmounted /var/lib/lxcfs.
[[0;32m  OK  [0m] Stopped irqbalance daemon.
[[0;32m  OK  [0m] Stopped Deferred execution scheduler.
[[0;32m  OK  [0m] Stopped System Logging Service.
[[0;32m  OK  [0m] Stopped Accounts Service.
[[0;32m  OK  [0m] Stopped Dispatcher daemon for systemd-networkd.
[[0;32m  OK  [0m] Stopped Regular background program processing daemon.
[[0;32m  OK  [0m] Stopped Authorization Manager.
[[0;32m  OK  [0m] Stopped Serial Getty on ttyS0.
[[0;32m  OK  [0m] Stopped Getty on tty1.
[[0;32m  OK  [0m] Stopped OpenBSD Secure Shell server.
[[0;32m  OK  [0m] Stopped User Manager for UID 1000.
[[0;32m  OK  [0m] Stopped D-Bus System Message Bus.
[[0;32m  OK  [0m] Stopped FUSE filesystem for LXC.
[[0;32m  OK  [0m] Stopped Session 9 of user vagrant.
[[0;32m  OK  [0m] Stopped Availability of block devices.
[[0;32m  OK  [0m] Stopped LXD - container startup/shutdown.
[[0;32m  OK  [0m] Removed slice User Slice of vagrant.
         Stopping Login Service...
[[0;32m  OK  [0m] Removed slice system-getty.slice.
[[0;32m  OK  [0m] Removed slice system-serial\x2dgetty.slice.
         Stopping Permit User Sessions...
[[0;32m  OK  [0m] Stopped target Login Prompts (Pre).
[[0;32m  OK  [0m] Stopped LSB: Record successful boot for GRUB.
[[0;32m  OK  [0m] Stopped LSB: automatic crash report generation.
[[0;32m  OK  [0m] Stopped Permit User Sessions.
[[0;32m  OK  [0m] Stopped Virtualbox guest utils.
[[0;32m  OK  [0m] Stopped Login Service.
[[0;32m  OK  [0m] Stopped target User and Group Name Lookups.
[[0;32m  OK  [0m] Stopped The Apache HTTP Server.
[[0;32m  OK  [0m] Stopped target Host and Network Name Lookups.
[[0;32m  OK  [0m] Stopped target Remote File Systems.
         Unmounting /vagrant...
[[0;32m  OK  [0m] Unmounted /vagrant.
[[0;32m  OK  [0m] Stopped target Remote File Systems (Pre).
[[0;32m  OK  [0m] Stopped target Network is Online.
[[0;32m  OK  [0m] Stopped MySQL Community Server.
[[0;32m  OK  [0m] Stopped target Network.
         Stopping Network Name Resolution...
[[0;32m  OK  [0m] Stopped target Basic System.
[[0;32m  OK  [0m] Stopped target Paths.
[[0;32m  OK  [0m] Stopped ACPI Events Check.
[[0;32m  OK  [0m] Stopped target Slices.
[[0;32m  OK  [0m] Removed slice User and Session Slice.
[[0;32m  OK  [0m] Stopped target Sockets.
[[0;32m  OK  [0m] Closed ACPID Listen Socket.
[[0;32m  OK  [0m] Closed D-Bus System Message Bus Socket.
[[0;32m  OK  [0m] Closed Open-iSCSI iscsid Socket.
[[0;32m  OK  [0m] Closed LXD - unix socket.
[[0;32m  OK  [0m] Closed Socket activation for snappy daemon.
[[0;32m  OK  [0m] Closed cloud-init hotplug hook socket.
[[0;32m  OK  [0m] Closed UUID daemon activation socket.
[[0;32m  OK  [0m] Stopped target System Initialization.
[[0;32m  OK  [0m] Stopped Commit a transient machine-id on disk.
[[0;32m  OK  [0m] Stopped Initial cloud-init job (metadata service crawler).
         Stopping Load/Save Random Seed...
[[0;32m  OK  [0m] Stopped target Local Encrypted Volumes.
[[0;32m  OK  [0m] Stopped Dispatch Password Requests to Console Directory Watch.
[[0;32m  OK  [0m] Stopped Forward Password Requests to Wall Directory Watch.
         Stopping Update UTMP about System Boot/Shutdown...
[[0;32m  OK  [0m] Closed Syslog Socket.
[[0;32m  OK  [0m] Stopped Network Name Resolution.
[[0;32m  OK  [0m] Stopped Load/Save Random Seed.
         Stopping Network Service...
[[0;32m  OK  [0m] Stopped Update UTMP about System Boot/Shutdown.
[[0;32m  OK  [0m] Stopped Create Volatile Files and Directories.
[[0;32m  OK  [0m] Stopped target Local File Systems.
[[0;32m  OK  [0m] Stopped target Mounted snaps.
[[0;32m  OK  [0m] Stopped target Mounting snaps.
         Unmounting /run/user/1000...
[[0;32m  OK  [0m] Unmounted /run/user/1000.
[[0;32m  OK  [0m] Reached target Unmount All Filesystems.
[[0;32m  OK  [0m] Stopped target Swap.
[[0;32m  OK  [0m] Stopped target Local File Systems (Pre).
         Stopping Monitoring of LVM2 mirrors…ng dmeventd or progress polling...
[[0;32m  OK  [0m] Stopped Create Static Device Nodes in /dev.
[[0;32m  OK  [0m] Stopped Network Service.
[[0;32m  OK  [0m] Stopped target Network (Pre).
[[0;32m  OK  [0m] Stopped Initial cloud-init job (pre-networking).
[[0;32m  OK  [0m] Stopped Remount Root and Kernel File Systems.
[[0;32m  OK  [0m] Stopped Apply Kernel Variables.
[[0;32m  OK  [0m] Stopped Load Kernel Modules.
[[0;32m  OK  [0m] Reached target Shutdown.
[[0;32m  OK  [0m] Reached target Final Step.
         Starting Power-Off...
[[0;32m  OK  [0m] Stopped Monitoring of LVM2 mirrors,…sing dmeventd or progress polling.
         Stopping LVM2 metadata daemon...
[ 2244.555210] reboot: Power down
